{"C:\\Users\\divya\\Documents\\Development\\teenageconcerns-api-graphql\\graphql\\mutations\\gauthURLMutation.ts": {"path":"C:\\Users\\divya\\Documents\\Development\\teenageconcerns-api-graphql\\graphql\\mutations\\gauthURLMutation.ts","statementMap":{"0":{"start":{"line":1,"column":13},"end":{"line":4,"column":null}}},"fnMap":{},"branchMap":{},"s":{"0":1},"f":{},"b":{}}
,"C:\\Users\\divya\\Documents\\Development\\teenageconcerns-api-graphql\\graphql\\mutations\\githubAuthURLMutation.ts": {"path":"C:\\Users\\divya\\Documents\\Development\\teenageconcerns-api-graphql\\graphql\\mutations\\githubAuthURLMutation.ts","statementMap":{"0":{"start":{"line":1,"column":13},"end":{"line":4,"column":3}}},"fnMap":{},"branchMap":{},"s":{"0":1},"f":{},"b":{}}
,"C:\\Users\\divya\\Documents\\Development\\teenageconcerns-api-graphql\\graphql\\mutations\\mentorLoginMutation.ts": {"path":"C:\\Users\\divya\\Documents\\Development\\teenageconcerns-api-graphql\\graphql\\mutations\\mentorLoginMutation.ts","statementMap":{"0":{"start":{"line":1,"column":13},"end":{"line":23,"column":2}}},"fnMap":{},"branchMap":{},"s":{"0":1},"f":{},"b":{}}
,"C:\\Users\\divya\\Documents\\Development\\teenageconcerns-api-graphql\\graphql\\mutations\\mentorLogoutMutation.ts": {"path":"C:\\Users\\divya\\Documents\\Development\\teenageconcerns-api-graphql\\graphql\\mutations\\mentorLogoutMutation.ts","statementMap":{"0":{"start":{"line":1,"column":13},"end":{"line":4,"column":3}}},"fnMap":{},"branchMap":{},"s":{"0":1},"f":{},"b":{}}
,"C:\\Users\\divya\\Documents\\Development\\teenageconcerns-api-graphql\\graphql\\mutations\\mentorRegisterMutation.ts": {"path":"C:\\Users\\divya\\Documents\\Development\\teenageconcerns-api-graphql\\graphql\\mutations\\mentorRegisterMutation.ts","statementMap":{"0":{"start":{"line":1,"column":13},"end":{"line":24,"column":2}}},"fnMap":{},"branchMap":{},"s":{"0":3},"f":{},"b":{}}
,"C:\\Users\\divya\\Documents\\Development\\teenageconcerns-api-graphql\\graphql\\mutations\\sendMutation.ts": {"path":"C:\\Users\\divya\\Documents\\Development\\teenageconcerns-api-graphql\\graphql\\mutations\\sendMutation.ts","statementMap":{"0":{"start":{"line":1,"column":13},"end":{"line":4,"column":3}}},"fnMap":{},"branchMap":{},"s":{"0":1},"f":{},"b":{}}
,"C:\\Users\\divya\\Documents\\Development\\teenageconcerns-api-graphql\\graphql\\mutations\\userDelete.ts": {"path":"C:\\Users\\divya\\Documents\\Development\\teenageconcerns-api-graphql\\graphql\\mutations\\userDelete.ts","statementMap":{"0":{"start":{"line":1,"column":13},"end":{"line":6,"column":3}}},"fnMap":{},"branchMap":{},"s":{"0":1},"f":{},"b":{}}
,"C:\\Users\\divya\\Documents\\Development\\teenageconcerns-api-graphql\\graphql\\mutations\\userLogin.ts": {"path":"C:\\Users\\divya\\Documents\\Development\\teenageconcerns-api-graphql\\graphql\\mutations\\userLogin.ts","statementMap":{"0":{"start":{"line":1,"column":13},"end":{"line":27,"column":3}}},"fnMap":{},"branchMap":{},"s":{"0":1},"f":{},"b":{}}
,"C:\\Users\\divya\\Documents\\Development\\teenageconcerns-api-graphql\\graphql\\mutations\\userRegister.ts": {"path":"C:\\Users\\divya\\Documents\\Development\\teenageconcerns-api-graphql\\graphql\\mutations\\userRegister.ts","statementMap":{"0":{"start":{"line":1,"column":13},"end":{"line":25,"column":3}}},"fnMap":{},"branchMap":{},"s":{"0":2},"f":{},"b":{}}
,"C:\\Users\\divya\\Documents\\Development\\teenageconcerns-api-graphql\\graphql\\queries\\whoami.ts": {"path":"C:\\Users\\divya\\Documents\\Development\\teenageconcerns-api-graphql\\graphql\\queries\\whoami.ts","statementMap":{"0":{"start":{"line":1,"column":13},"end":{"line":8,"column":2}}},"fnMap":{},"branchMap":{},"s":{"0":1},"f":{},"b":{}}
,"C:\\Users\\divya\\Documents\\Development\\teenageconcerns-api-graphql\\graphql\\subscriptions\\receiveMessage.ts": {"path":"C:\\Users\\divya\\Documents\\Development\\teenageconcerns-api-graphql\\graphql\\subscriptions\\receiveMessage.ts","statementMap":{"0":{"start":{"line":1,"column":13},"end":{"line":6,"column":3}}},"fnMap":{},"branchMap":{},"s":{"0":1},"f":{},"b":{}}
,"C:\\Users\\divya\\Documents\\Development\\teenageconcerns-api-graphql\\src\\constants.ts": {"path":"C:\\Users\\divya\\Documents\\Development\\teenageconcerns-api-graphql\\src\\constants.ts","statementMap":{"0":{"start":{"line":1,"column":13},"end":{"line":1,"column":77}},"1":{"start":{"line":2,"column":13},"end":{"line":2,"column":35}},"2":{"start":{"line":3,"column":13},"end":{"line":3,"column":62}},"3":{"start":{"line":4,"column":13},"end":{"line":4,"column":56}},"4":{"start":{"line":5,"column":13},"end":{"line":5,"column":30}},"5":{"start":{"line":6,"column":13},"end":{"line":6,"column":82}},"6":{"start":{"line":7,"column":13},"end":{"line":7,"column":92}},"7":{"start":{"line":8,"column":13},"end":{"line":8,"column":67}},"8":{"start":{"line":9,"column":13},"end":{"line":9,"column":67}},"9":{"start":{"line":10,"column":13},"end":{"line":10,"column":73}},"10":{"start":{"line":11,"column":13},"end":{"line":11,"column":57}},"11":{"start":{"line":12,"column":13},"end":{"line":12,"column":55}},"12":{"start":{"line":13,"column":13},"end":{"line":13,"column":59}},"13":{"start":{"line":14,"column":13},"end":{"line":14,"column":96}},"14":{"start":{"line":15,"column":13},"end":{"line":15,"column":63}},"15":{"start":{"line":16,"column":13},"end":{"line":16,"column":71}},"16":{"start":{"line":17,"column":13},"end":{"line":17,"column":61}},"17":{"start":{"line":18,"column":13},"end":{"line":18,"column":94}},"18":{"start":{"line":19,"column":13},"end":{"line":19,"column":69}}},"fnMap":{},"branchMap":{"0":{"loc":{"start":{"line":1,"column":20},"end":{"line":1,"column":76}},"type":"binary-expr","locations":[{"start":{"line":1,"column":21},"end":{"line":1,"column":37}},{"start":{"line":1,"column":41},"end":{"line":1,"column":67}},{"start":{"line":1,"column":72},"end":{"line":1,"column":76}}]},"1":{"loc":{"start":{"line":6,"column":31},"end":{"line":6,"column":81}},"type":"binary-expr","locations":[{"start":{"line":6,"column":31},"end":{"line":6,"column":58}},{"start":{"line":6,"column":62},"end":{"line":6,"column":81}}]},"2":{"loc":{"start":{"line":7,"column":34},"end":{"line":7,"column":91}},"type":"binary-expr","locations":[{"start":{"line":7,"column":34},"end":{"line":7,"column":64}},{"start":{"line":7,"column":68},"end":{"line":7,"column":91}}]},"3":{"loc":{"start":{"line":14,"column":36},"end":{"line":14,"column":95}},"type":"binary-expr","locations":[{"start":{"line":14,"column":36},"end":{"line":14,"column":68}},{"start":{"line":14,"column":72},"end":{"line":14,"column":95}}]},"4":{"loc":{"start":{"line":18,"column":35},"end":{"line":18,"column":93}},"type":"binary-expr","locations":[{"start":{"line":18,"column":35},"end":{"line":18,"column":66}},{"start":{"line":18,"column":70},"end":{"line":18,"column":93}}]}},"s":{"0":6,"1":6,"2":6,"3":6,"4":6,"5":6,"6":6,"7":6,"8":6,"9":6,"10":6,"11":6,"12":6,"13":6,"14":6,"15":6,"16":6,"17":6,"18":6},"f":{},"b":{"0":[6,0,6],"1":[6,0],"2":[6,0],"3":[6,0],"4":[6,0]}}
,"C:\\Users\\divya\\Documents\\Development\\teenageconcerns-api-graphql\\src\\data-source.ts": {"path":"C:\\Users\\divya\\Documents\\Development\\teenageconcerns-api-graphql\\src\\data-source.ts","statementMap":{"0":{"start":{"line":1,"column":0},"end":{"line":1,"column":26}},"1":{"start":{"line":2,"column":0},"end":{"line":2,"column":36}},"2":{"start":{"line":3,"column":0},"end":{"line":3,"column":36}},"3":{"start":{"line":4,"column":0},"end":{"line":4,"column":41}},"4":{"start":{"line":5,"column":0},"end":{"line":5,"column":50}},"5":{"start":{"line":7,"column":22},"end":{"line":19,"column":2}},"6":{"start":{"line":21,"column":23},"end":{"line":34,"column":2}},"7":{"start":{"line":36,"column":13},"end":{"line":36,"column":62}}},"fnMap":{},"branchMap":{"0":{"loc":{"start":{"line":9,"column":10},"end":{"line":9,"column":46}},"type":"cond-expr","locations":[{"start":{"line":9,"column":22},"end":{"line":9,"column":33}},{"start":{"line":9,"column":36},"end":{"line":9,"column":46}}]},"1":{"loc":{"start":{"line":23,"column":10},"end":{"line":23,"column":46}},"type":"cond-expr","locations":[{"start":{"line":23,"column":22},"end":{"line":23,"column":33}},{"start":{"line":23,"column":36},"end":{"line":23,"column":46}}]},"2":{"loc":{"start":{"line":36,"column":19},"end":{"line":36,"column":60}},"type":"cond-expr","locations":[{"start":{"line":36,"column":30},"end":{"line":36,"column":44}},{"start":{"line":36,"column":47},"end":{"line":36,"column":60}}]}},"s":{"0":6,"1":6,"2":6,"3":6,"4":6,"5":6,"6":6,"7":6},"f":{},"b":{"0":[6,0],"1":[6,0],"2":[6,0]}}
,"C:\\Users\\divya\\Documents\\Development\\teenageconcerns-api-graphql\\src\\schema.ts": {"path":"C:\\Users\\divya\\Documents\\Development\\teenageconcerns-api-graphql\\src\\schema.ts","statementMap":{"0":{"start":{"line":1,"column":0},"end":{"line":1,"column":28}},"1":{"start":{"line":2,"column":0},"end":{"line":2,"column":58}},"2":{"start":{"line":4,"column":0},"end":{"line":4,"column":43}},"3":{"start":{"line":6,"column":0},"end":{"line":6,"column":61}},"4":{"start":{"line":7,"column":0},"end":{"line":7,"column":61}},"5":{"start":{"line":8,"column":0},"end":{"line":8,"column":63}},"6":{"start":{"line":9,"column":0},"end":{"line":9,"column":57}},"7":{"start":{"line":10,"column":0},"end":{"line":10,"column":69}},"8":{"start":{"line":11,"column":0},"end":{"line":11,"column":40}},"9":{"start":{"line":12,"column":0},"end":{"line":12,"column":71}},"10":{"start":{"line":13,"column":0},"end":{"line":13,"column":69}},"11":{"start":{"line":15,"column":13},"end":{"line":18,"column":3}},"12":{"start":{"line":20,"column":28},"end":{"line":24,"column":2}},"13":{"start":{"line":20,"column":34},"end":{"line":24,"column":2}},"14":{"start":{"line":20,"column":13},"end":{"line":20,"column":28}}},"fnMap":{"0":{"name":"(anonymous_1)","decl":{"start":{"line":20,"column":28},"end":{"line":20,"column":31}},"loc":{"start":{"line":20,"column":34},"end":{"line":24,"column":2}}}},"branchMap":{"0":{"loc":{"start":{"line":16,"column":31},"end":{"line":16,"column":64}},"type":"cond-expr","locations":[{"start":{"line":16,"column":43},"end":{"line":16,"column":54}},{"start":{"line":16,"column":57},"end":{"line":16,"column":64}}]},"1":{"loc":{"start":{"line":17,"column":32},"end":{"line":17,"column":65}},"type":"cond-expr","locations":[{"start":{"line":17,"column":44},"end":{"line":17,"column":55}},{"start":{"line":17,"column":58},"end":{"line":17,"column":65}}]}},"s":{"0":6,"1":6,"2":6,"3":6,"4":6,"5":6,"6":6,"7":6,"8":6,"9":6,"10":6,"11":6,"12":6,"13":7,"14":6},"f":{"0":7},"b":{"0":[6,0],"1":[6,0]}}
,"C:\\Users\\divya\\Documents\\Development\\teenageconcerns-api-graphql\\src\\types.ts": {"path":"C:\\Users\\divya\\Documents\\Development\\teenageconcerns-api-graphql\\src\\types.ts","statementMap":{"0":{"start":{"line":2,"column":0},"end":{"line":2,"column":49}},"1":{"start":{"line":5,"column":0},"end":{"line":5,"column":37}},"2":{"start":{"line":6,"column":0},"end":{"line":6,"column":41}},"3":{"start":{"line":15,"column":0},"end":{"line":21,"column":null}},"4":{"start":{"line":17,"column":4},"end":{"line":17,"column":null}},"5":{"start":{"line":20,"column":4},"end":{"line":20,"column":null}},"6":{"start":{"line":15,"column":13},"end":{"line":21,"column":null}},"7":{"start":{"line":15,"column":13},"end":{"line":15,"column":22}},"8":{"start":{"line":24,"column":0},"end":{"line":30,"column":null}},"9":{"start":{"line":26,"column":4},"end":{"line":26,"column":null}},"10":{"start":{"line":29,"column":4},"end":{"line":29,"column":null}},"11":{"start":{"line":28,"column":17},"end":{"line":28,"column":28}},"12":{"start":{"line":24,"column":13},"end":{"line":30,"column":null}},"13":{"start":{"line":24,"column":13},"end":{"line":24,"column":23}},"14":{"start":{"line":33,"column":0},"end":{"line":39,"column":null}},"15":{"start":{"line":35,"column":2},"end":{"line":35,"column":null}},"16":{"start":{"line":34,"column":15},"end":{"line":34,"column":21}},"17":{"start":{"line":38,"column":2},"end":{"line":38,"column":null}},"18":{"start":{"line":37,"column":15},"end":{"line":37,"column":26}},"19":{"start":{"line":33,"column":13},"end":{"line":39,"column":null}},"20":{"start":{"line":33,"column":13},"end":{"line":33,"column":25}},"21":{"start":{"line":41,"column":0},"end":{"line":97,"column":null}},"22":{"start":{"line":46,"column":4},"end":{"line":46,"column":null}},"23":{"start":{"line":45,"column":17},"end":{"line":45,"column":23}},"24":{"start":{"line":51,"column":4},"end":{"line":51,"column":null}},"25":{"start":{"line":50,"column":17},"end":{"line":50,"column":23}},"26":{"start":{"line":56,"column":4},"end":{"line":56,"column":null}},"27":{"start":{"line":55,"column":17},"end":{"line":55,"column":23}},"28":{"start":{"line":61,"column":4},"end":{"line":61,"column":null}},"29":{"start":{"line":60,"column":17},"end":{"line":60,"column":23}},"30":{"start":{"line":66,"column":4},"end":{"line":66,"column":null}},"31":{"start":{"line":65,"column":17},"end":{"line":65,"column":23}},"32":{"start":{"line":71,"column":4},"end":{"line":71,"column":null}},"33":{"start":{"line":70,"column":17},"end":{"line":70,"column":23}},"34":{"start":{"line":76,"column":4},"end":{"line":76,"column":null}},"35":{"start":{"line":75,"column":17},"end":{"line":75,"column":23}},"36":{"start":{"line":81,"column":4},"end":{"line":81,"column":null}},"37":{"start":{"line":80,"column":17},"end":{"line":80,"column":23}},"38":{"start":{"line":86,"column":4},"end":{"line":86,"column":null}},"39":{"start":{"line":85,"column":17},"end":{"line":85,"column":23}},"40":{"start":{"line":91,"column":4},"end":{"line":91,"column":null}},"41":{"start":{"line":90,"column":17},"end":{"line":90,"column":23}},"42":{"start":{"line":96,"column":4},"end":{"line":96,"column":null}},"43":{"start":{"line":95,"column":17},"end":{"line":95,"column":24}},"44":{"start":{"line":41,"column":13},"end":{"line":97,"column":null}},"45":{"start":{"line":41,"column":13},"end":{"line":41,"column":26}},"46":{"start":{"line":100,"column":0},"end":{"line":106,"column":null}},"47":{"start":{"line":102,"column":4},"end":{"line":102,"column":null}},"48":{"start":{"line":101,"column":17},"end":{"line":101,"column":23}},"49":{"start":{"line":105,"column":4},"end":{"line":105,"column":null}},"50":{"start":{"line":104,"column":17},"end":{"line":104,"column":28}},"51":{"start":{"line":100,"column":13},"end":{"line":106,"column":null}},"52":{"start":{"line":100,"column":13},"end":{"line":100,"column":28}}},"fnMap":{"0":{"name":"(anonymous_2)","decl":{"start":{"line":28,"column":11},"end":{"line":28,"column":14}},"loc":{"start":{"line":28,"column":17},"end":{"line":28,"column":28}}},"1":{"name":"(anonymous_3)","decl":{"start":{"line":34,"column":9},"end":{"line":34,"column":12}},"loc":{"start":{"line":34,"column":15},"end":{"line":34,"column":21}}},"2":{"name":"(anonymous_4)","decl":{"start":{"line":37,"column":9},"end":{"line":37,"column":12}},"loc":{"start":{"line":37,"column":15},"end":{"line":37,"column":26}}},"3":{"name":"(anonymous_5)","decl":{"start":{"line":45,"column":11},"end":{"line":45,"column":14}},"loc":{"start":{"line":45,"column":17},"end":{"line":45,"column":23}}},"4":{"name":"(anonymous_6)","decl":{"start":{"line":50,"column":11},"end":{"line":50,"column":14}},"loc":{"start":{"line":50,"column":17},"end":{"line":50,"column":23}}},"5":{"name":"(anonymous_7)","decl":{"start":{"line":55,"column":11},"end":{"line":55,"column":14}},"loc":{"start":{"line":55,"column":17},"end":{"line":55,"column":23}}},"6":{"name":"(anonymous_8)","decl":{"start":{"line":60,"column":11},"end":{"line":60,"column":14}},"loc":{"start":{"line":60,"column":17},"end":{"line":60,"column":23}}},"7":{"name":"(anonymous_9)","decl":{"start":{"line":65,"column":11},"end":{"line":65,"column":14}},"loc":{"start":{"line":65,"column":17},"end":{"line":65,"column":23}}},"8":{"name":"(anonymous_10)","decl":{"start":{"line":70,"column":11},"end":{"line":70,"column":14}},"loc":{"start":{"line":70,"column":17},"end":{"line":70,"column":23}}},"9":{"name":"(anonymous_11)","decl":{"start":{"line":75,"column":11},"end":{"line":75,"column":14}},"loc":{"start":{"line":75,"column":17},"end":{"line":75,"column":23}}},"10":{"name":"(anonymous_12)","decl":{"start":{"line":80,"column":11},"end":{"line":80,"column":14}},"loc":{"start":{"line":80,"column":17},"end":{"line":80,"column":23}}},"11":{"name":"(anonymous_13)","decl":{"start":{"line":85,"column":11},"end":{"line":85,"column":14}},"loc":{"start":{"line":85,"column":17},"end":{"line":85,"column":23}}},"12":{"name":"(anonymous_14)","decl":{"start":{"line":90,"column":11},"end":{"line":90,"column":14}},"loc":{"start":{"line":90,"column":17},"end":{"line":90,"column":23}}},"13":{"name":"(anonymous_15)","decl":{"start":{"line":95,"column":11},"end":{"line":95,"column":14}},"loc":{"start":{"line":95,"column":17},"end":{"line":95,"column":24}}},"14":{"name":"(anonymous_16)","decl":{"start":{"line":101,"column":11},"end":{"line":101,"column":14}},"loc":{"start":{"line":101,"column":17},"end":{"line":101,"column":23}}},"15":{"name":"(anonymous_17)","decl":{"start":{"line":104,"column":11},"end":{"line":104,"column":14}},"loc":{"start":{"line":104,"column":17},"end":{"line":104,"column":28}}}},"branchMap":{},"s":{"0":6,"1":6,"2":6,"3":6,"4":6,"5":6,"6":6,"7":6,"8":6,"9":6,"10":6,"11":7,"12":6,"13":6,"14":6,"15":6,"16":7,"17":6,"18":7,"19":6,"20":6,"21":6,"22":6,"23":0,"24":6,"25":0,"26":6,"27":0,"28":6,"29":0,"30":6,"31":0,"32":6,"33":0,"34":6,"35":0,"36":6,"37":0,"38":6,"39":0,"40":6,"41":0,"42":6,"43":0,"44":6,"45":6,"46":6,"47":6,"48":7,"49":6,"50":7,"51":6,"52":6},"f":{"0":7,"1":7,"2":7,"3":0,"4":0,"5":0,"6":0,"7":0,"8":0,"9":0,"10":0,"11":0,"12":0,"13":0,"14":7,"15":7},"b":{}}
,"C:\\Users\\divya\\Documents\\Development\\teenageconcerns-api-graphql\\src\\entity\\Mentor.ts": {"path":"C:\\Users\\divya\\Documents\\Development\\teenageconcerns-api-graphql\\src\\entity\\Mentor.ts","statementMap":{"0":{"start":{"line":1,"column":0},"end":{"line":1,"column":49}},"1":{"start":{"line":2,"column":0},"end":{"line":2,"column":124}},"2":{"start":{"line":3,"column":0},"end":{"line":3,"column":30}},"3":{"start":{"line":7,"column":0},"end":{"line":46,"column":null}},"4":{"start":{"line":10,"column":4},"end":{"line":10,"column":null}},"5":{"start":{"line":14,"column":4},"end":{"line":14,"column":null}},"6":{"start":{"line":18,"column":4},"end":{"line":18,"column":null}},"7":{"start":{"line":21,"column":4},"end":{"line":21,"column":null}},"8":{"start":{"line":25,"column":4},"end":{"line":25,"column":null}},"9":{"start":{"line":23,"column":17},"end":{"line":23,"column":23}},"10":{"start":{"line":24,"column":21},"end":{"line":24,"column":25}},"11":{"start":{"line":24,"column":35},"end":{"line":24,"column":46}},"12":{"start":{"line":29,"column":4},"end":{"line":29,"column":null}},"13":{"start":{"line":33,"column":4},"end":{"line":33,"column":null}},"14":{"start":{"line":37,"column":4},"end":{"line":37,"column":null}},"15":{"start":{"line":41,"column":4},"end":{"line":41,"column":null}},"16":{"start":{"line":45,"column":4},"end":{"line":45,"column":null}},"17":{"start":{"line":7,"column":13},"end":{"line":46,"column":null}},"18":{"start":{"line":7,"column":13},"end":{"line":7,"column":19}}},"fnMap":{"0":{"name":"(anonymous_2)","decl":{"start":{"line":23,"column":11},"end":{"line":23,"column":14}},"loc":{"start":{"line":23,"column":17},"end":{"line":23,"column":23}}},"1":{"name":"(anonymous_3)","decl":{"start":{"line":24,"column":15},"end":{"line":24,"column":18}},"loc":{"start":{"line":24,"column":21},"end":{"line":24,"column":25}}},"2":{"name":"(anonymous_4)","decl":{"start":{"line":24,"column":27},"end":{"line":24,"column":31}},"loc":{"start":{"line":24,"column":35},"end":{"line":24,"column":46}}}},"branchMap":{},"s":{"0":6,"1":6,"2":6,"3":6,"4":6,"5":6,"6":6,"7":6,"8":6,"9":7,"10":5,"11":5,"12":6,"13":6,"14":6,"15":6,"16":6,"17":6,"18":6},"f":{"0":7,"1":5,"2":5},"b":{}}
,"C:\\Users\\divya\\Documents\\Development\\teenageconcerns-api-graphql\\src\\entity\\User.ts": {"path":"C:\\Users\\divya\\Documents\\Development\\teenageconcerns-api-graphql\\src\\entity\\User.ts","statementMap":{"0":{"start":{"line":1,"column":0},"end":{"line":1,"column":48}},"1":{"start":{"line":2,"column":0},"end":{"line":2,"column":123}},"2":{"start":{"line":3,"column":0},"end":{"line":3,"column":34}},"3":{"start":{"line":7,"column":0},"end":{"line":35,"column":null}},"4":{"start":{"line":10,"column":4},"end":{"line":10,"column":null}},"5":{"start":{"line":14,"column":4},"end":{"line":14,"column":null}},"6":{"start":{"line":18,"column":4},"end":{"line":18,"column":null}},"7":{"start":{"line":22,"column":4},"end":{"line":22,"column":null}},"8":{"start":{"line":20,"column":17},"end":{"line":20,"column":23}},"9":{"start":{"line":21,"column":21},"end":{"line":21,"column":27}},"10":{"start":{"line":21,"column":39},"end":{"line":21,"column":51}},"11":{"start":{"line":26,"column":4},"end":{"line":26,"column":null}},"12":{"start":{"line":30,"column":4},"end":{"line":30,"column":null}},"13":{"start":{"line":34,"column":4},"end":{"line":34,"column":null}},"14":{"start":{"line":7,"column":13},"end":{"line":35,"column":null}},"15":{"start":{"line":7,"column":13},"end":{"line":7,"column":17}}},"fnMap":{"0":{"name":"(anonymous_2)","decl":{"start":{"line":20,"column":11},"end":{"line":20,"column":14}},"loc":{"start":{"line":20,"column":17},"end":{"line":20,"column":23}}},"1":{"name":"(anonymous_3)","decl":{"start":{"line":21,"column":15},"end":{"line":21,"column":18}},"loc":{"start":{"line":21,"column":21},"end":{"line":21,"column":27}}},"2":{"name":"(anonymous_4)","decl":{"start":{"line":21,"column":29},"end":{"line":21,"column":35}},"loc":{"start":{"line":21,"column":39},"end":{"line":21,"column":51}}}},"branchMap":{},"s":{"0":6,"1":6,"2":6,"3":6,"4":6,"5":6,"6":6,"7":6,"8":7,"9":5,"10":5,"11":6,"12":6,"13":6,"14":6,"15":6},"f":{"0":7,"1":5,"2":5},"b":{}}
,"C:\\Users\\divya\\Documents\\Development\\teenageconcerns-api-graphql\\src\\middleware\\auth.middleware.ts": {"path":"C:\\Users\\divya\\Documents\\Development\\teenageconcerns-api-graphql\\src\\middleware\\auth.middleware.ts","statementMap":{"0":{"start":{"line":4,"column":49},"end":{"line":9,"column":1}},"1":{"start":{"line":5,"column":4},"end":{"line":7,"column":null}},"2":{"start":{"line":6,"column":8},"end":{"line":6,"column":49}},"3":{"start":{"line":8,"column":4},"end":{"line":8,"column":18}},"4":{"start":{"line":4,"column":13},"end":{"line":4,"column":49}},"5":{"start":{"line":11,"column":51},"end":{"line":16,"column":1}},"6":{"start":{"line":12,"column":4},"end":{"line":14,"column":null}},"7":{"start":{"line":13,"column":8},"end":{"line":13,"column":51}},"8":{"start":{"line":15,"column":4},"end":{"line":15,"column":18}},"9":{"start":{"line":11,"column":13},"end":{"line":11,"column":51}}},"fnMap":{"0":{"name":"(anonymous_0)","decl":{"start":{"line":4,"column":49},"end":{"line":4,"column":50}},"loc":{"start":{"line":4,"column":71},"end":{"line":9,"column":1}}},"1":{"name":"(anonymous_1)","decl":{"start":{"line":11,"column":51},"end":{"line":11,"column":52}},"loc":{"start":{"line":11,"column":73},"end":{"line":16,"column":1}}}},"branchMap":{"0":{"loc":{"start":{"line":5,"column":4},"end":{"line":7,"column":null}},"type":"if","locations":[{"start":{"line":5,"column":4},"end":{"line":7,"column":null}}]},"1":{"loc":{"start":{"line":5,"column":7},"end":{"line":5,"column":66}},"type":"binary-expr","locations":[{"start":{"line":5,"column":7},"end":{"line":5,"column":34}},{"start":{"line":5,"column":38},"end":{"line":5,"column":66}}]},"2":{"loc":{"start":{"line":12,"column":4},"end":{"line":14,"column":null}},"type":"if","locations":[{"start":{"line":12,"column":4},"end":{"line":14,"column":null}}]},"3":{"loc":{"start":{"line":12,"column":7},"end":{"line":12,"column":66}},"type":"binary-expr","locations":[{"start":{"line":12,"column":7},"end":{"line":12,"column":33}},{"start":{"line":12,"column":37},"end":{"line":12,"column":66}}]}},"s":{"0":6,"1":2,"2":1,"3":1,"4":6,"5":6,"6":2,"7":1,"8":1,"9":6},"f":{"0":2,"1":2},"b":{"0":[1],"1":[2,1],"2":[1],"3":[2,2]}}
,"C:\\Users\\divya\\Documents\\Development\\teenageconcerns-api-graphql\\src\\middleware\\validate.middleware.ts": {"path":"C:\\Users\\divya\\Documents\\Development\\teenageconcerns-api-graphql\\src\\middleware\\validate.middleware.ts","statementMap":{"0":{"start":{"line":9,"column":60},"end":{"line":14,"column":1}},"1":{"start":{"line":10,"column":4},"end":{"line":12,"column":null}},"2":{"start":{"line":11,"column":8},"end":{"line":11,"column":null}},"3":{"start":{"line":13,"column":4},"end":{"line":13,"column":18}},"4":{"start":{"line":9,"column":13},"end":{"line":9,"column":60}}},"fnMap":{"0":{"name":"(anonymous_0)","decl":{"start":{"line":9,"column":60},"end":{"line":9,"column":61}},"loc":{"start":{"line":9,"column":79},"end":{"line":14,"column":1}}}},"branchMap":{"0":{"loc":{"start":{"line":10,"column":4},"end":{"line":12,"column":null}},"type":"if","locations":[{"start":{"line":10,"column":4},"end":{"line":12,"column":null}}]}},"s":{"0":6,"1":4,"2":0,"3":4,"4":6},"f":{"0":4},"b":{"0":[0]}}
,"C:\\Users\\divya\\Documents\\Development\\teenageconcerns-api-graphql\\src\\resolvers\\common.resolver.ts": {"path":"C:\\Users\\divya\\Documents\\Development\\teenageconcerns-api-graphql\\src\\resolvers\\common.resolver.ts","statementMap":{"0":{"start":{"line":2,"column":0},"end":{"line":2,"column":71}},"1":{"start":{"line":5,"column":0},"end":{"line":11,"column":null}},"2":{"start":{"line":7,"column":4},"end":{"line":7,"column":null}},"3":{"start":{"line":10,"column":4},"end":{"line":10,"column":null}},"4":{"start":{"line":5,"column":13},"end":{"line":11,"column":null}},"5":{"start":{"line":5,"column":13},"end":{"line":5,"column":21}},"6":{"start":{"line":14,"column":0},"end":{"line":31,"column":null}},"7":{"start":{"line":20,"column":8},"end":{"line":24,"column":null}},"8":{"start":{"line":21,"column":12},"end":{"line":23,"column":null}},"9":{"start":{"line":26,"column":8},"end":{"line":28,"column":10}},"10":{"start":{"line":17,"column":4},"end":{"line":30,"column":null}},"11":{"start":{"line":16,"column":17},"end":{"line":16,"column":25}},"12":{"start":{"line":14,"column":13},"end":{"line":31,"column":null}},"13":{"start":{"line":14,"column":13},"end":{"line":14,"column":27}}},"fnMap":{"0":{"name":"(anonymous_4)","decl":{"start":{"line":17,"column":4},"end":{"line":17,"column":10}},"loc":{"start":{"line":18,"column":31},"end":{"line":30,"column":5}}},"1":{"name":"(anonymous_5)","decl":{"start":{"line":16,"column":11},"end":{"line":16,"column":14}},"loc":{"start":{"line":16,"column":17},"end":{"line":16,"column":25}}}},"branchMap":{"0":{"loc":{"start":{"line":20,"column":8},"end":{"line":24,"column":null}},"type":"if","locations":[{"start":{"line":20,"column":8},"end":{"line":24,"column":null}}]}},"s":{"0":6,"1":6,"2":6,"3":6,"4":6,"5":6,"6":6,"7":3,"8":1,"9":2,"10":6,"11":7,"12":6,"13":6},"f":{"0":3,"1":7},"b":{"0":[1]}}
,"C:\\Users\\divya\\Documents\\Development\\teenageconcerns-api-graphql\\src\\resolvers\\githubAuth.resolver.ts": {"path":"C:\\Users\\divya\\Documents\\Development\\teenageconcerns-api-graphql\\src\\resolvers\\githubAuth.resolver.ts","statementMap":{"0":{"start":{"line":1,"column":0},"end":{"line":1,"column":26}},"1":{"start":{"line":2,"column":0},"end":{"line":2,"column":28}},"2":{"start":{"line":3,"column":0},"end":{"line":3,"column":49}},"3":{"start":{"line":4,"column":0},"end":{"line":4,"column":60}},"4":{"start":{"line":5,"column":0},"end":{"line":5,"column":93}},"5":{"start":{"line":6,"column":0},"end":{"line":6,"column":42}},"6":{"start":{"line":9,"column":0},"end":{"line":87,"column":null}},"7":{"start":{"line":12,"column":8},"end":{"line":12,"column":105}},"8":{"start":{"line":21,"column":8},"end":{"line":85,"column":null}},"9":{"start":{"line":32,"column":12},"end":{"line":83,"column":null}},"10":{"start":{"line":38,"column":31},"end":{"line":42,"column":18}},"11":{"start":{"line":44,"column":16},"end":{"line":74,"column":null}},"12":{"start":{"line":47,"column":33},"end":{"line":47,"column":60}},"13":{"start":{"line":48,"column":35},"end":{"line":53,"column":22}},"14":{"start":{"line":55,"column":20},"end":{"line":69,"column":null}},"15":{"start":{"line":56,"column":24},"end":{"line":56,"column":54}},"16":{"start":{"line":59,"column":24},"end":{"line":68,"column":null}},"17":{"start":{"line":60,"column":28},"end":{"line":67,"column":30}},"18":{"start":{"line":71,"column":20},"end":{"line":73,"column":22}},"19":{"start":{"line":76,"column":16},"end":{"line":81,"column":null}},"20":{"start":{"line":83,"column":26},"end":{"line":83,"column":42}},"21":{"start":{"line":85,"column":22},"end":{"line":85,"column":38}},"22":{"start":{"line":11,"column":4},"end":{"line":13,"column":null}},"23":{"start":{"line":10,"column":20},"end":{"line":10,"column":26}},"24":{"start":{"line":16,"column":4},"end":{"line":86,"column":null}},"25":{"start":{"line":15,"column":20},"end":{"line":15,"column":32}},"26":{"start":{"line":9,"column":13},"end":{"line":87,"column":null}},"27":{"start":{"line":9,"column":13},"end":{"line":9,"column":31}}},"fnMap":{"0":{"name":"(anonymous_5)","decl":{"start":{"line":11,"column":4},"end":{"line":11,"column":17}},"loc":{"start":{"line":11,"column":17},"end":{"line":13,"column":5}}},"1":{"name":"(anonymous_6)","decl":{"start":{"line":16,"column":4},"end":{"line":16,"column":9}},"loc":{"start":{"line":19,"column":30},"end":{"line":86,"column":5}}},"2":{"name":"(anonymous_7)","decl":{"start":{"line":31,"column":14},"end":{"line":31,"column":17}},"loc":{"start":{"line":31,"column":20},"end":{"line":84,"column":9}}},"3":{"name":"(anonymous_8)","decl":{"start":{"line":37,"column":18},"end":{"line":37,"column":23}},"loc":{"start":{"line":37,"column":31},"end":{"line":82,"column":13}}},"4":{"name":"(anonymous_9)","decl":{"start":{"line":83,"column":19},"end":{"line":83,"column":22}},"loc":{"start":{"line":83,"column":26},"end":{"line":83,"column":42}}},"5":{"name":"(anonymous_10)","decl":{"start":{"line":85,"column":15},"end":{"line":85,"column":18}},"loc":{"start":{"line":85,"column":22},"end":{"line":85,"column":38}}},"6":{"name":"(anonymous_11)","decl":{"start":{"line":10,"column":14},"end":{"line":10,"column":17}},"loc":{"start":{"line":10,"column":20},"end":{"line":10,"column":26}}},"7":{"name":"(anonymous_12)","decl":{"start":{"line":15,"column":14},"end":{"line":15,"column":17}},"loc":{"start":{"line":15,"column":20},"end":{"line":15,"column":32}}}},"branchMap":{"0":{"loc":{"start":{"line":44,"column":16},"end":{"line":74,"column":null}},"type":"if","locations":[{"start":{"line":44,"column":16},"end":{"line":74,"column":null}}]},"1":{"loc":{"start":{"line":59,"column":24},"end":{"line":68,"column":null}},"type":"if","locations":[{"start":{"line":59,"column":24},"end":{"line":68,"column":null}}]}},"s":{"0":6,"1":6,"2":6,"3":6,"4":6,"5":6,"6":6,"7":1,"8":0,"9":0,"10":0,"11":0,"12":0,"13":0,"14":0,"15":0,"16":0,"17":0,"18":0,"19":0,"20":0,"21":0,"22":6,"23":7,"24":6,"25":7,"26":6,"27":6},"f":{"0":1,"1":0,"2":0,"3":0,"4":0,"5":0,"6":7,"7":7},"b":{"0":[0],"1":[0]}}
,"C:\\Users\\divya\\Documents\\Development\\teenageconcerns-api-graphql\\src\\resolvers\\googleAuth.resolver.ts": {"path":"C:\\Users\\divya\\Documents\\Development\\teenageconcerns-api-graphql\\src\\resolvers\\googleAuth.resolver.ts","statementMap":{"0":{"start":{"line":1,"column":0},"end":{"line":1,"column":36}},"1":{"start":{"line":2,"column":0},"end":{"line":2,"column":52}},"2":{"start":{"line":3,"column":0},"end":{"line":3,"column":60}},"3":{"start":{"line":4,"column":0},"end":{"line":4,"column":88}},"4":{"start":{"line":5,"column":0},"end":{"line":5,"column":42}},"5":{"start":{"line":6,"column":0},"end":{"line":6,"column":28}},"6":{"start":{"line":8,"column":21},"end":{"line":11,"column":null}},"7":{"start":{"line":15,"column":0},"end":{"line":104,"column":null}},"8":{"start":{"line":19,"column":25},"end":{"line":22,"column":12}},"9":{"start":{"line":25,"column":35},"end":{"line":33,"column":12}},"10":{"start":{"line":34,"column":10},"end":{"line":34,"column":45}},"11":{"start":{"line":43,"column":6},"end":{"line":93,"column":null}},"12":{"start":{"line":44,"column":8},"end":{"line":44,"column":null}},"13":{"start":{"line":46,"column":25},"end":{"line":46,"column":78}},"14":{"start":{"line":47,"column":8},"end":{"line":47,"column":44}},"15":{"start":{"line":49,"column":22},"end":{"line":52,"column":10}},"16":{"start":{"line":54,"column":21},"end":{"line":54,"column":47}},"17":{"start":{"line":55,"column":25},"end":{"line":55,"column":29}},"18":{"start":{"line":57,"column":23},"end":{"line":61,"column":10}},"19":{"start":{"line":63,"column":8},"end":{"line":92,"column":null}},"20":{"start":{"line":65,"column":23},"end":{"line":65,"column":50}},"21":{"start":{"line":66,"column":25},"end":{"line":71,"column":12}},"22":{"start":{"line":73,"column":10},"end":{"line":87,"column":null}},"23":{"start":{"line":74,"column":12},"end":{"line":74,"column":42}},"24":{"start":{"line":77,"column":12},"end":{"line":86,"column":null}},"25":{"start":{"line":78,"column":14},"end":{"line":85,"column":16}},"26":{"start":{"line":89,"column":10},"end":{"line":91,"column":12}},"27":{"start":{"line":95,"column":6},"end":{"line":102,"column":null}},"28":{"start":{"line":17,"column":4},"end":{"line":35,"column":null}},"29":{"start":{"line":16,"column":20},"end":{"line":16,"column":26}},"30":{"start":{"line":38,"column":4},"end":{"line":103,"column":null}},"31":{"start":{"line":37,"column":20},"end":{"line":37,"column":35}},"32":{"start":{"line":15,"column":13},"end":{"line":104,"column":null}},"33":{"start":{"line":15,"column":13},"end":{"line":15,"column":31}}},"fnMap":{"0":{"name":"(anonymous_5)","decl":{"start":{"line":17,"column":4},"end":{"line":17,"column":17}},"loc":{"start":{"line":17,"column":17},"end":{"line":35,"column":5}}},"1":{"name":"(anonymous_6)","decl":{"start":{"line":38,"column":4},"end":{"line":38,"column":9}},"loc":{"start":{"line":41,"column":39},"end":{"line":103,"column":5}}},"2":{"name":"(anonymous_7)","decl":{"start":{"line":16,"column":14},"end":{"line":16,"column":17}},"loc":{"start":{"line":16,"column":20},"end":{"line":16,"column":26}}},"3":{"name":"(anonymous_8)","decl":{"start":{"line":37,"column":14},"end":{"line":37,"column":17}},"loc":{"start":{"line":37,"column":20},"end":{"line":37,"column":35}}}},"branchMap":{"0":{"loc":{"start":{"line":43,"column":6},"end":{"line":93,"column":null}},"type":"if","locations":[{"start":{"line":43,"column":6},"end":{"line":93,"column":null}},{"start":{"line":45,"column":11},"end":{"line":93,"column":null}}]},"1":{"loc":{"start":{"line":63,"column":8},"end":{"line":92,"column":null}},"type":"if","locations":[{"start":{"line":63,"column":8},"end":{"line":92,"column":null}}]},"2":{"loc":{"start":{"line":77,"column":12},"end":{"line":86,"column":null}},"type":"if","locations":[{"start":{"line":77,"column":12},"end":{"line":86,"column":null}}]}},"s":{"0":6,"1":6,"2":6,"3":6,"4":6,"5":6,"6":6,"7":6,"8":1,"9":1,"10":1,"11":0,"12":0,"13":0,"14":0,"15":0,"16":0,"17":0,"18":0,"19":0,"20":0,"21":0,"22":0,"23":0,"24":0,"25":0,"26":0,"27":0,"28":6,"29":7,"30":6,"31":7,"32":6,"33":6},"f":{"0":1,"1":0,"2":7,"3":7},"b":{"0":[0,0],"1":[0],"2":[0]}}
,"C:\\Users\\divya\\Documents\\Development\\teenageconcerns-api-graphql\\src\\resolvers\\mentor.resolver.ts": {"path":"C:\\Users\\divya\\Documents\\Development\\teenageconcerns-api-graphql\\src\\resolvers\\mentor.resolver.ts","statementMap":{"0":{"start":{"line":1,"column":0},"end":{"line":1,"column":42}},"1":{"start":{"line":2,"column":0},"end":{"line":2,"column":49}},"2":{"start":{"line":3,"column":0},"end":{"line":3,"column":75}},"3":{"start":{"line":4,"column":0},"end":{"line":4,"column":28}},"4":{"start":{"line":5,"column":0},"end":{"line":5,"column":73}},"5":{"start":{"line":6,"column":0},"end":{"line":6,"column":66}},"6":{"start":{"line":7,"column":0},"end":{"line":7,"column":40}},"7":{"start":{"line":10,"column":0},"end":{"line":209,"column":null}},"8":{"start":{"line":16,"column":20},"end":{"line":19,"column":16}},"9":{"start":{"line":21,"column":4},"end":{"line":21,"column":19}},"10":{"start":{"line":33,"column":4},"end":{"line":42,"column":null}},"11":{"start":{"line":34,"column":6},"end":{"line":41,"column":8}},"12":{"start":{"line":44,"column":17},"end":{"line":44,"column":44}},"13":{"start":{"line":45,"column":19},"end":{"line":50,"column":6}},"14":{"start":{"line":51,"column":4},"end":{"line":64,"column":null}},"15":{"start":{"line":52,"column":6},"end":{"line":52,"column":36}},"16":{"start":{"line":54,"column":6},"end":{"line":63,"column":null}},"17":{"start":{"line":55,"column":8},"end":{"line":62,"column":10}},"18":{"start":{"line":66,"column":4},"end":{"line":66,"column":32}},"19":{"start":{"line":67,"column":4},"end":{"line":67,"column":37}},"20":{"start":{"line":69,"column":4},"end":{"line":69,"column":22}},"21":{"start":{"line":80,"column":4},"end":{"line":89,"column":null}},"22":{"start":{"line":81,"column":6},"end":{"line":88,"column":8}},"23":{"start":{"line":92,"column":19},"end":{"line":98,"column":15}},"24":{"start":{"line":100,"column":4},"end":{"line":109,"column":null}},"25":{"start":{"line":101,"column":6},"end":{"line":108,"column":8}},"26":{"start":{"line":111,"column":21},"end":{"line":111,"column":67}},"27":{"start":{"line":113,"column":4},"end":{"line":122,"column":null}},"28":{"start":{"line":114,"column":6},"end":{"line":121,"column":8}},"29":{"start":{"line":124,"column":4},"end":{"line":124,"column":32}},"30":{"start":{"line":125,"column":4},"end":{"line":125,"column":37}},"31":{"start":{"line":127,"column":4},"end":{"line":127,"column":22}},"32":{"start":{"line":134,"column":4},"end":{"line":142,"column":6}},"33":{"start":{"line":135,"column":6},"end":{"line":141,"column":8}},"34":{"start":{"line":136,"column":8},"end":{"line":139,"column":null}},"35":{"start":{"line":137,"column":10},"end":{"line":137,"column":27}},"36":{"start":{"line":138,"column":10},"end":{"line":138,"column":21}},"37":{"start":{"line":140,"column":8},"end":{"line":140,"column":18}},"38":{"start":{"line":154,"column":19},"end":{"line":156,"column":6}},"39":{"start":{"line":159,"column":17},"end":{"line":163,"column":6}},"40":{"start":{"line":165,"column":4},"end":{"line":167,"column":null}},"41":{"start":{"line":166,"column":6},"end":{"line":166,"column":null}},"42":{"start":{"line":170,"column":4},"end":{"line":170,"column":25}},"43":{"start":{"line":171,"column":4},"end":{"line":171,"column":38}},"44":{"start":{"line":174,"column":4},"end":{"line":176,"column":null}},"45":{"start":{"line":175,"column":6},"end":{"line":175,"column":15}},"46":{"start":{"line":179,"column":22},"end":{"line":179,"column":88}},"47":{"start":{"line":181,"column":16},"end":{"line":184,"column":6}},"48":{"start":{"line":186,"column":4},"end":{"line":186,"column":49}},"49":{"start":{"line":186,"column":13},"end":{"line":186,"column":49}},"50":{"start":{"line":187,"column":4},"end":{"line":187,"column":13}},"51":{"start":{"line":196,"column":19},"end":{"line":198,"column":6}},"52":{"start":{"line":199,"column":4},"end":{"line":199,"column":30}},"53":{"start":{"line":199,"column":17},"end":{"line":199,"column":30}},"54":{"start":{"line":200,"column":22},"end":{"line":200,"column":40}},"55":{"start":{"line":201,"column":21},"end":{"line":201,"column":31}},"56":{"start":{"line":202,"column":19},"end":{"line":204,"column":null}},"57":{"start":{"line":206,"column":4},"end":{"line":206,"column":45}},"58":{"start":{"line":207,"column":4},"end":{"line":207,"column":16}},"59":{"start":{"line":13,"column":2},"end":{"line":22,"column":null}},"60":{"start":{"line":12,"column":18},"end":{"line":12,"column":26}},"61":{"start":{"line":27,"column":2},"end":{"line":70,"column":null}},"62":{"start":{"line":26,"column":18},"end":{"line":26,"column":30}},"63":{"start":{"line":75,"column":2},"end":{"line":128,"column":null}},"64":{"start":{"line":74,"column":18},"end":{"line":74,"column":30}},"65":{"start":{"line":133,"column":2},"end":{"line":143,"column":null}},"66":{"start":{"line":132,"column":18},"end":{"line":132,"column":25}},"67":{"start":{"line":148,"column":2},"end":{"line":188,"column":null}},"68":{"start":{"line":147,"column":18},"end":{"line":147,"column":24}},"69":{"start":{"line":192,"column":2},"end":{"line":208,"column":null}},"70":{"start":{"line":191,"column":18},"end":{"line":191,"column":25}},"71":{"start":{"line":10,"column":13},"end":{"line":209,"column":null}},"72":{"start":{"line":10,"column":13},"end":{"line":10,"column":27}}},"fnMap":{"0":{"name":"(anonymous_5)","decl":{"start":{"line":13,"column":2},"end":{"line":13,"column":7}},"loc":{"start":{"line":14,"column":26},"end":{"line":22,"column":3}}},"1":{"name":"(anonymous_6)","decl":{"start":{"line":27,"column":2},"end":{"line":27,"column":7}},"loc":{"start":{"line":31,"column":31},"end":{"line":70,"column":3}}},"2":{"name":"(anonymous_7)","decl":{"start":{"line":75,"column":2},"end":{"line":75,"column":7}},"loc":{"start":{"line":78,"column":31},"end":{"line":128,"column":3}}},"3":{"name":"(anonymous_8)","decl":{"start":{"line":133,"column":2},"end":{"line":133,"column":14}},"loc":{"start":{"line":133,"column":38},"end":{"line":143,"column":3}}},"4":{"name":"(anonymous_9)","decl":{"start":{"line":134,"column":23},"end":{"line":134,"column":24}},"loc":{"start":{"line":135,"column":6},"end":{"line":141,"column":8}}},"5":{"name":"(anonymous_10)","decl":{"start":{"line":135,"column":26},"end":{"line":135,"column":27}},"loc":{"start":{"line":135,"column":34},"end":{"line":141,"column":7}}},"6":{"name":"(anonymous_11)","decl":{"start":{"line":148,"column":2},"end":{"line":148,"column":7}},"loc":{"start":{"line":151,"column":31},"end":{"line":188,"column":3}}},"7":{"name":"(anonymous_12)","decl":{"start":{"line":192,"column":2},"end":{"line":192,"column":7}},"loc":{"start":{"line":194,"column":26},"end":{"line":208,"column":3}}},"8":{"name":"(anonymous_13)","decl":{"start":{"line":12,"column":12},"end":{"line":12,"column":15}},"loc":{"start":{"line":12,"column":18},"end":{"line":12,"column":26}}},"9":{"name":"(anonymous_14)","decl":{"start":{"line":26,"column":12},"end":{"line":26,"column":15}},"loc":{"start":{"line":26,"column":18},"end":{"line":26,"column":30}}},"10":{"name":"(anonymous_15)","decl":{"start":{"line":74,"column":12},"end":{"line":74,"column":15}},"loc":{"start":{"line":74,"column":18},"end":{"line":74,"column":30}}},"11":{"name":"(anonymous_16)","decl":{"start":{"line":132,"column":12},"end":{"line":132,"column":15}},"loc":{"start":{"line":132,"column":18},"end":{"line":132,"column":25}}},"12":{"name":"(anonymous_17)","decl":{"start":{"line":147,"column":12},"end":{"line":147,"column":15}},"loc":{"start":{"line":147,"column":18},"end":{"line":147,"column":24}}},"13":{"name":"(anonymous_18)","decl":{"start":{"line":191,"column":12},"end":{"line":191,"column":15}},"loc":{"start":{"line":191,"column":18},"end":{"line":191,"column":25}}}},"branchMap":{"0":{"loc":{"start":{"line":33,"column":4},"end":{"line":42,"column":null}},"type":"if","locations":[{"start":{"line":33,"column":4},"end":{"line":42,"column":null}}]},"1":{"loc":{"start":{"line":33,"column":8},"end":{"line":33,"column":36}},"type":"binary-expr","locations":[{"start":{"line":33,"column":8},"end":{"line":33,"column":13}},{"start":{"line":33,"column":17},"end":{"line":33,"column":23}},{"start":{"line":33,"column":27},"end":{"line":33,"column":36}}]},"2":{"loc":{"start":{"line":54,"column":6},"end":{"line":63,"column":null}},"type":"if","locations":[{"start":{"line":54,"column":6},"end":{"line":63,"column":null}}]},"3":{"loc":{"start":{"line":80,"column":4},"end":{"line":89,"column":null}},"type":"if","locations":[{"start":{"line":80,"column":4},"end":{"line":89,"column":null}}]},"4":{"loc":{"start":{"line":80,"column":8},"end":{"line":80,"column":27}},"type":"binary-expr","locations":[{"start":{"line":80,"column":8},"end":{"line":80,"column":14}},{"start":{"line":80,"column":18},"end":{"line":80,"column":27}}]},"5":{"loc":{"start":{"line":100,"column":4},"end":{"line":109,"column":null}},"type":"if","locations":[{"start":{"line":100,"column":4},"end":{"line":109,"column":null}}]},"6":{"loc":{"start":{"line":113,"column":4},"end":{"line":122,"column":null}},"type":"if","locations":[{"start":{"line":113,"column":4},"end":{"line":122,"column":null}}]},"7":{"loc":{"start":{"line":136,"column":8},"end":{"line":139,"column":null}},"type":"if","locations":[{"start":{"line":136,"column":8},"end":{"line":139,"column":null}}]},"8":{"loc":{"start":{"line":165,"column":4},"end":{"line":167,"column":null}},"type":"if","locations":[{"start":{"line":165,"column":4},"end":{"line":167,"column":null}}]},"9":{"loc":{"start":{"line":174,"column":4},"end":{"line":176,"column":null}},"type":"if","locations":[{"start":{"line":174,"column":4},"end":{"line":176,"column":null}}]},"10":{"loc":{"start":{"line":179,"column":22},"end":{"line":179,"column":88}},"type":"cond-expr","locations":[{"start":{"line":179,"column":44},"end":{"line":179,"column":50}},{"start":{"line":179,"column":55},"end":{"line":179,"column":86}}]},"11":{"loc":{"start":{"line":179,"column":22},"end":{"line":179,"column":36}},"type":"cond-expr","locations":[{"start":{"line":179,"column":28},"end":{"line":179,"column":30}},{"start":{"line":179,"column":22},"end":{"line":179,"column":36}}]},"12":{"loc":{"start":{"line":179,"column":22},"end":{"line":179,"column":30}},"type":"binary-expr","locations":[{"start":{"line":179,"column":22},"end":{"line":179,"column":30}},{"start":{"line":179,"column":22},"end":{"line":179,"column":30}}]},"13":{"loc":{"start":{"line":179,"column":62},"end":{"line":179,"column":76}},"type":"cond-expr","locations":[{"start":{"line":179,"column":68},"end":{"line":179,"column":70}},{"start":{"line":179,"column":62},"end":{"line":179,"column":76}}]},"14":{"loc":{"start":{"line":179,"column":62},"end":{"line":179,"column":70}},"type":"binary-expr","locations":[{"start":{"line":179,"column":62},"end":{"line":179,"column":70}},{"start":{"line":179,"column":62},"end":{"line":179,"column":70}}]},"15":{"loc":{"start":{"line":186,"column":4},"end":{"line":186,"column":49}},"type":"if","locations":[{"start":{"line":186,"column":4},"end":{"line":186,"column":49}}]},"16":{"loc":{"start":{"line":199,"column":4},"end":{"line":199,"column":30}},"type":"if","locations":[{"start":{"line":199,"column":4},"end":{"line":199,"column":30}}]},"17":{"loc":{"start":{"line":200,"column":22},"end":{"line":200,"column":40}},"type":"cond-expr","locations":[{"start":{"line":200,"column":28},"end":{"line":200,"column":30}},{"start":{"line":200,"column":22},"end":{"line":200,"column":40}}]},"18":{"loc":{"start":{"line":200,"column":22},"end":{"line":200,"column":30}},"type":"binary-expr","locations":[{"start":{"line":200,"column":22},"end":{"line":200,"column":30}},{"start":{"line":200,"column":22},"end":{"line":200,"column":30}}]}},"s":{"0":6,"1":6,"2":6,"3":6,"4":6,"5":6,"6":6,"7":6,"8":0,"9":0,"10":3,"11":0,"12":3,"13":3,"14":3,"15":3,"16":0,"17":0,"18":3,"19":3,"20":3,"21":1,"22":0,"23":1,"24":1,"25":0,"26":1,"27":1,"28":0,"29":1,"30":1,"31":1,"32":1,"33":1,"34":1,"35":0,"36":0,"37":1,"38":0,"39":0,"40":0,"41":0,"42":0,"43":0,"44":0,"45":0,"46":0,"47":0,"48":0,"49":0,"50":0,"51":0,"52":0,"53":0,"54":0,"55":0,"56":0,"57":0,"58":0,"59":6,"60":7,"61":6,"62":7,"63":6,"64":7,"65":6,"66":7,"67":6,"68":7,"69":6,"70":7,"71":6,"72":6},"f":{"0":0,"1":3,"2":1,"3":1,"4":1,"5":1,"6":0,"7":0,"8":7,"9":7,"10":7,"11":7,"12":7,"13":7},"b":{"0":[0],"1":[3,3,3],"2":[0],"3":[0],"4":[1,1],"5":[0],"6":[0],"7":[0],"8":[0],"9":[0],"10":[0,0],"11":[0,0],"12":[0,0],"13":[0,0],"14":[0,0],"15":[0],"16":[0],"17":[0,0],"18":[0,0]}}
,"C:\\Users\\divya\\Documents\\Development\\teenageconcerns-api-graphql\\src\\resolvers\\message.resolver.ts": {"path":"C:\\Users\\divya\\Documents\\Development\\teenageconcerns-api-graphql\\src\\resolvers\\message.resolver.ts","statementMap":{"0":{"start":{"line":1,"column":0},"end":{"line":1,"column":null}},"1":{"start":{"line":11,"column":0},"end":{"line":11,"column":53}},"2":{"start":{"line":14,"column":0},"end":{"line":17,"column":null}},"3":{"start":{"line":16,"column":2},"end":{"line":16,"column":null}},"4":{"start":{"line":14,"column":6},"end":{"line":17,"column":null}},"5":{"start":{"line":20,"column":0},"end":{"line":43,"column":null}},"6":{"start":{"line":28,"column":8},"end":{"line":28,"column":51}},"7":{"start":{"line":29,"column":8},"end":{"line":29,"column":23}},"8":{"start":{"line":40,"column":8},"end":{"line":40,"column":null}},"9":{"start":{"line":41,"column":8},"end":{"line":41,"column":20}},"10":{"start":{"line":23,"column":4},"end":{"line":30,"column":null}},"11":{"start":{"line":22,"column":20},"end":{"line":22,"column":26}},"12":{"start":{"line":36,"column":4},"end":{"line":42,"column":null}},"13":{"start":{"line":33,"column":24},"end":{"line":33,"column":38}},"14":{"start":{"line":34,"column":30},"end":{"line":34,"column":40}},"15":{"start":{"line":20,"column":13},"end":{"line":43,"column":null}},"16":{"start":{"line":20,"column":13},"end":{"line":20,"column":28}}},"fnMap":{"0":{"name":"(anonymous_4)","decl":{"start":{"line":23,"column":4},"end":{"line":23,"column":9}},"loc":{"start":{"line":26,"column":38},"end":{"line":30,"column":5}}},"1":{"name":"(anonymous_5)","decl":{"start":{"line":36,"column":4},"end":{"line":36,"column":9}},"loc":{"start":{"line":38,"column":36},"end":{"line":42,"column":5}}},"2":{"name":"(anonymous_6)","decl":{"start":{"line":22,"column":14},"end":{"line":22,"column":17}},"loc":{"start":{"line":22,"column":20},"end":{"line":22,"column":26}}},"3":{"name":"(anonymous_7)","decl":{"start":{"line":33,"column":18},"end":{"line":33,"column":21}},"loc":{"start":{"line":33,"column":24},"end":{"line":33,"column":38}}},"4":{"name":"(anonymous_8)","decl":{"start":{"line":34,"column":16},"end":{"line":34,"column":17}},"loc":{"start":{"line":34,"column":30},"end":{"line":34,"column":40}}}},"branchMap":{},"s":{"0":6,"1":6,"2":6,"3":6,"4":6,"5":6,"6":1,"7":0,"8":0,"9":0,"10":6,"11":7,"12":6,"13":7,"14":1,"15":6,"16":6},"f":{"0":1,"1":0,"2":7,"3":7,"4":1},"b":{}}
,"C:\\Users\\divya\\Documents\\Development\\teenageconcerns-api-graphql\\src\\resolvers\\twitterAuth.resolver.ts": {"path":"C:\\Users\\divya\\Documents\\Development\\teenageconcerns-api-graphql\\src\\resolvers\\twitterAuth.resolver.ts","statementMap":{"0":{"start":{"line":1,"column":0},"end":{"line":1,"column":55}},"1":{"start":{"line":2,"column":0},"end":{"line":2,"column":47}},"2":{"start":{"line":3,"column":0},"end":{"line":3,"column":96}},"3":{"start":{"line":5,"column":19},"end":{"line":10,"column":2}},"4":{"start":{"line":13,"column":0},"end":{"line":40,"column":null}},"5":{"start":{"line":16,"column":24},"end":{"line":20,"column":10}},"6":{"start":{"line":21,"column":8},"end":{"line":21,"column":23}},"7":{"start":{"line":28,"column":8},"end":{"line":32,"column":11}},"8":{"start":{"line":33,"column":22},"end":{"line":33,"column":63}},"9":{"start":{"line":34,"column":23},"end":{"line":34,"column":70}},"10":{"start":{"line":35,"column":21},"end":{"line":37,"column":10}},"11":{"start":{"line":38,"column":8},"end":{"line":38,"column":null}},"12":{"start":{"line":15,"column":4},"end":{"line":22,"column":null}},"13":{"start":{"line":14,"column":20},"end":{"line":14,"column":26}},"14":{"start":{"line":25,"column":4},"end":{"line":39,"column":null}},"15":{"start":{"line":24,"column":20},"end":{"line":24,"column":26}},"16":{"start":{"line":13,"column":13},"end":{"line":40,"column":null}},"17":{"start":{"line":13,"column":13},"end":{"line":13,"column":32}}},"fnMap":{"0":{"name":"(anonymous_10)","decl":{"start":{"line":15,"column":4},"end":{"line":15,"column":18}},"loc":{"start":{"line":15,"column":18},"end":{"line":22,"column":5}}},"1":{"name":"(anonymous_11)","decl":{"start":{"line":25,"column":4},"end":{"line":25,"column":9}},"loc":{"start":{"line":26,"column":33},"end":{"line":39,"column":5}}},"2":{"name":"(anonymous_12)","decl":{"start":{"line":14,"column":14},"end":{"line":14,"column":17}},"loc":{"start":{"line":14,"column":20},"end":{"line":14,"column":26}}},"3":{"name":"(anonymous_13)","decl":{"start":{"line":24,"column":14},"end":{"line":24,"column":17}},"loc":{"start":{"line":24,"column":20},"end":{"line":24,"column":26}}}},"branchMap":{"0":{"loc":{"start":{"line":34,"column":34},"end":{"line":34,"column":69}},"type":"cond-expr","locations":[{"start":{"line":34,"column":45},"end":{"line":34,"column":47}},{"start":{"line":34,"column":45},"end":{"line":34,"column":69}}]},"1":{"loc":{"start":{"line":34,"column":34},"end":{"line":34,"column":47}},"type":"binary-expr","locations":[{"start":{"line":34,"column":34},"end":{"line":34,"column":47}},{"start":{"line":34,"column":45},"end":{"line":34,"column":47}}]}},"s":{"0":6,"1":6,"2":6,"3":6,"4":6,"5":0,"6":0,"7":0,"8":0,"9":0,"10":0,"11":0,"12":6,"13":7,"14":6,"15":7,"16":6,"17":6},"f":{"0":0,"1":0,"2":7,"3":7},"b":{"0":[0,0],"1":[0,0]}}
,"C:\\Users\\divya\\Documents\\Development\\teenageconcerns-api-graphql\\src\\resolvers\\user.resolver.ts": {"path":"C:\\Users\\divya\\Documents\\Development\\teenageconcerns-api-graphql\\src\\resolvers\\user.resolver.ts","statementMap":{"0":{"start":{"line":1,"column":0},"end":{"line":1,"column":75}},"1":{"start":{"line":2,"column":0},"end":{"line":2,"column":36}},"2":{"start":{"line":3,"column":0},"end":{"line":3,"column":47}},"3":{"start":{"line":5,"column":0},"end":{"line":5,"column":38}},"4":{"start":{"line":6,"column":0},"end":{"line":6,"column":42}},"5":{"start":{"line":7,"column":0},"end":{"line":7,"column":59}},"6":{"start":{"line":8,"column":0},"end":{"line":8,"column":47}},"7":{"start":{"line":12,"column":0},"end":{"line":177,"column":null}},"8":{"start":{"line":18,"column":22},"end":{"line":21,"column":22}},"9":{"start":{"line":23,"column":8},"end":{"line":23,"column":21}},"10":{"start":{"line":32,"column":27},"end":{"line":40,"column":21}},"11":{"start":{"line":42,"column":8},"end":{"line":49,"column":null}},"12":{"start":{"line":43,"column":12},"end":{"line":48,"column":null}},"13":{"start":{"line":51,"column":8},"end":{"line":51,"column":37}},"14":{"start":{"line":52,"column":8},"end":{"line":52,"column":34}},"15":{"start":{"line":54,"column":8},"end":{"line":54,"column":36}},"16":{"start":{"line":62,"column":24},"end":{"line":62,"column":32}},"17":{"start":{"line":63,"column":24},"end":{"line":67,"column":10}},"18":{"start":{"line":70,"column":8},"end":{"line":77,"column":null}},"19":{"start":{"line":71,"column":12},"end":{"line":76,"column":null}},"20":{"start":{"line":81,"column":8},"end":{"line":85,"column":null}},"21":{"start":{"line":82,"column":12},"end":{"line":84,"column":null}},"22":{"start":{"line":83,"column":16},"end":{"line":83,"column":22}},"23":{"start":{"line":87,"column":8},"end":{"line":94,"column":null}},"24":{"start":{"line":88,"column":12},"end":{"line":93,"column":null}},"25":{"start":{"line":97,"column":21},"end":{"line":100,"column":10}},"26":{"start":{"line":101,"column":8},"end":{"line":101,"column":36}},"27":{"start":{"line":102,"column":8},"end":{"line":102,"column":56}},"28":{"start":{"line":103,"column":8},"end":{"line":103,"column":42}},"29":{"start":{"line":106,"column":8},"end":{"line":106,"column":48}},"30":{"start":{"line":108,"column":27},"end":{"line":116,"column":21}},"31":{"start":{"line":118,"column":8},"end":{"line":125,"column":null}},"32":{"start":{"line":119,"column":12},"end":{"line":124,"column":null}},"33":{"start":{"line":127,"column":8},"end":{"line":127,"column":37}},"34":{"start":{"line":128,"column":8},"end":{"line":128,"column":37}},"35":{"start":{"line":130,"column":8},"end":{"line":130,"column":36}},"36":{"start":{"line":140,"column":21},"end":{"line":142,"column":10}},"37":{"start":{"line":143,"column":8},"end":{"line":143,"column":39}},"38":{"start":{"line":143,"column":26},"end":{"line":143,"column":39}},"39":{"start":{"line":144,"column":8},"end":{"line":146,"column":null}},"40":{"start":{"line":147,"column":23},"end":{"line":151,"column":10}},"41":{"start":{"line":152,"column":34},"end":{"line":152,"column":78}},"42":{"start":{"line":153,"column":8},"end":{"line":156,"column":null}},"43":{"start":{"line":157,"column":8},"end":{"line":159,"column":null}},"44":{"start":{"line":158,"column":12},"end":{"line":158,"column":32}},"45":{"start":{"line":160,"column":8},"end":{"line":160,"column":20}},"46":{"start":{"line":167,"column":8},"end":{"line":175,"column":10}},"47":{"start":{"line":168,"column":12},"end":{"line":174,"column":14}},"48":{"start":{"line":169,"column":16},"end":{"line":172,"column":null}},"49":{"start":{"line":170,"column":20},"end":{"line":170,"column":37}},"50":{"start":{"line":171,"column":20},"end":{"line":171,"column":31}},"51":{"start":{"line":173,"column":16},"end":{"line":173,"column":26}},"52":{"start":{"line":15,"column":4},"end":{"line":24,"column":null}},"53":{"start":{"line":13,"column":20},"end":{"line":13,"column":26}},"54":{"start":{"line":28,"column":4},"end":{"line":55,"column":null}},"55":{"start":{"line":27,"column":20},"end":{"line":27,"column":30}},"56":{"start":{"line":59,"column":4},"end":{"line":131,"column":null}},"57":{"start":{"line":58,"column":20},"end":{"line":58,"column":30}},"58":{"start":{"line":136,"column":4},"end":{"line":161,"column":null}},"59":{"start":{"line":135,"column":20},"end":{"line":135,"column":27}},"60":{"start":{"line":166,"column":4},"end":{"line":176,"column":null}},"61":{"start":{"line":165,"column":20},"end":{"line":165,"column":27}},"62":{"start":{"line":12,"column":13},"end":{"line":177,"column":null}},"63":{"start":{"line":12,"column":13},"end":{"line":12,"column":25}}},"fnMap":{"0":{"name":"(anonymous_4)","decl":{"start":{"line":15,"column":4},"end":{"line":15,"column":9}},"loc":{"start":{"line":16,"column":30},"end":{"line":24,"column":5}}},"1":{"name":"(anonymous_5)","decl":{"start":{"line":28,"column":4},"end":{"line":28,"column":9}},"loc":{"start":{"line":30,"column":35},"end":{"line":55,"column":5}}},"2":{"name":"(anonymous_6)","decl":{"start":{"line":59,"column":4},"end":{"line":59,"column":9}},"loc":{"start":{"line":60,"column":35},"end":{"line":131,"column":5}}},"3":{"name":"(anonymous_7)","decl":{"start":{"line":136,"column":4},"end":{"line":136,"column":9}},"loc":{"start":{"line":138,"column":35},"end":{"line":161,"column":5}}},"4":{"name":"(anonymous_8)","decl":{"start":{"line":157,"column":28},"end":{"line":157,"column":29}},"loc":{"start":{"line":157,"column":36},"end":{"line":159,"column":9}}},"5":{"name":"(anonymous_9)","decl":{"start":{"line":166,"column":4},"end":{"line":166,"column":14}},"loc":{"start":{"line":166,"column":38},"end":{"line":176,"column":5}}},"6":{"name":"(anonymous_10)","decl":{"start":{"line":167,"column":27},"end":{"line":167,"column":28}},"loc":{"start":{"line":168,"column":12},"end":{"line":174,"column":14}}},"7":{"name":"(anonymous_11)","decl":{"start":{"line":168,"column":32},"end":{"line":168,"column":33}},"loc":{"start":{"line":168,"column":40},"end":{"line":174,"column":13}}},"8":{"name":"(anonymous_12)","decl":{"start":{"line":13,"column":14},"end":{"line":13,"column":17}},"loc":{"start":{"line":13,"column":20},"end":{"line":13,"column":26}}},"9":{"name":"(anonymous_13)","decl":{"start":{"line":27,"column":14},"end":{"line":27,"column":17}},"loc":{"start":{"line":27,"column":20},"end":{"line":27,"column":30}}},"10":{"name":"(anonymous_14)","decl":{"start":{"line":58,"column":14},"end":{"line":58,"column":17}},"loc":{"start":{"line":58,"column":20},"end":{"line":58,"column":30}}},"11":{"name":"(anonymous_15)","decl":{"start":{"line":135,"column":14},"end":{"line":135,"column":17}},"loc":{"start":{"line":135,"column":20},"end":{"line":135,"column":27}}},"12":{"name":"(anonymous_16)","decl":{"start":{"line":165,"column":14},"end":{"line":165,"column":17}},"loc":{"start":{"line":165,"column":20},"end":{"line":165,"column":27}}}},"branchMap":{"0":{"loc":{"start":{"line":42,"column":8},"end":{"line":49,"column":null}},"type":"if","locations":[{"start":{"line":42,"column":8},"end":{"line":49,"column":null}}]},"1":{"loc":{"start":{"line":70,"column":8},"end":{"line":77,"column":null}},"type":"if","locations":[{"start":{"line":70,"column":8},"end":{"line":77,"column":null}}]},"2":{"loc":{"start":{"line":82,"column":12},"end":{"line":84,"column":null}},"type":"if","locations":[{"start":{"line":82,"column":12},"end":{"line":84,"column":null}}]},"3":{"loc":{"start":{"line":87,"column":8},"end":{"line":94,"column":null}},"type":"if","locations":[{"start":{"line":87,"column":8},"end":{"line":94,"column":null}}]},"4":{"loc":{"start":{"line":118,"column":8},"end":{"line":125,"column":null}},"type":"if","locations":[{"start":{"line":118,"column":8},"end":{"line":125,"column":null}}]},"5":{"loc":{"start":{"line":143,"column":8},"end":{"line":143,"column":39}},"type":"if","locations":[{"start":{"line":143,"column":8},"end":{"line":143,"column":39}}]},"6":{"loc":{"start":{"line":152,"column":34},"end":{"line":152,"column":78}},"type":"binary-expr","locations":[{"start":{"line":152,"column":34},"end":{"line":152,"column":51}},{"start":{"line":152,"column":56},"end":{"line":152,"column":77}}]},"7":{"loc":{"start":{"line":152,"column":34},"end":{"line":152,"column":51}},"type":"cond-expr","locations":[{"start":{"line":152,"column":40},"end":{"line":152,"column":42}},{"start":{"line":152,"column":34},"end":{"line":152,"column":51}}]},"8":{"loc":{"start":{"line":152,"column":34},"end":{"line":152,"column":42}},"type":"binary-expr","locations":[{"start":{"line":152,"column":34},"end":{"line":152,"column":42}},{"start":{"line":152,"column":34},"end":{"line":152,"column":42}}]},"9":{"loc":{"start":{"line":152,"column":56},"end":{"line":152,"column":73}},"type":"cond-expr","locations":[{"start":{"line":152,"column":62},"end":{"line":152,"column":64}},{"start":{"line":152,"column":56},"end":{"line":152,"column":73}}]},"10":{"loc":{"start":{"line":152,"column":56},"end":{"line":152,"column":64}},"type":"binary-expr","locations":[{"start":{"line":152,"column":56},"end":{"line":152,"column":64}},{"start":{"line":152,"column":56},"end":{"line":152,"column":64}}]},"11":{"loc":{"start":{"line":158,"column":19},"end":{"line":158,"column":31}},"type":"binary-expr","locations":[{"start":{"line":158,"column":19},"end":{"line":158,"column":22}},{"start":{"line":158,"column":26},"end":{"line":158,"column":31}}]},"12":{"loc":{"start":{"line":169,"column":16},"end":{"line":172,"column":null}},"type":"if","locations":[{"start":{"line":169,"column":16},"end":{"line":172,"column":null}}]}},"s":{"0":6,"1":6,"2":6,"3":6,"4":6,"5":6,"6":6,"7":6,"8":0,"9":0,"10":1,"11":1,"12":0,"13":1,"14":1,"15":1,"16":3,"17":3,"18":3,"19":1,"20":2,"21":2,"22":2,"23":2,"24":0,"25":2,"26":2,"27":2,"28":2,"29":2,"30":2,"31":2,"32":0,"33":2,"34":2,"35":2,"36":1,"37":1,"38":0,"39":1,"40":1,"41":1,"42":1,"43":1,"44":1,"45":1,"46":0,"47":0,"48":0,"49":0,"50":0,"51":0,"52":6,"53":7,"54":6,"55":7,"56":6,"57":7,"58":6,"59":7,"60":6,"61":7,"62":6,"63":6},"f":{"0":0,"1":1,"2":3,"3":1,"4":1,"5":0,"6":0,"7":0,"8":7,"9":7,"10":7,"11":7,"12":7},"b":{"0":[0],"1":[1],"2":[2],"3":[0],"4":[0],"5":[0],"6":[1,1],"7":[0,1],"8":[1,1],"9":[0,1],"10":[1,1],"11":[1,0],"12":[0]}}
,"C:\\Users\\divya\\Documents\\Development\\teenageconcerns-api-graphql\\src\\utils\\sendEmail.ts": {"path":"C:\\Users\\divya\\Documents\\Development\\teenageconcerns-api-graphql\\src\\utils\\sendEmail.ts","statementMap":{"0":{"start":{"line":1,"column":0},"end":{"line":1,"column":36}},"1":{"start":{"line":4,"column":25},"end":{"line":39,"column":1}},"2":{"start":{"line":5,"column":4},"end":{"line":7,"column":null}},"3":{"start":{"line":6,"column":8},"end":{"line":6,"column":53}},"4":{"start":{"line":20,"column":22},"end":{"line":28,"column":6}},"5":{"start":{"line":30,"column":24},"end":{"line":35,"column":6}},"6":{"start":{"line":37,"column":4},"end":{"line":37,"column":57}},"7":{"start":{"line":38,"column":4},"end":{"line":38,"column":85}},"8":{"start":{"line":4,"column":13},"end":{"line":4,"column":25}}},"fnMap":{"0":{"name":"(anonymous_1)","decl":{"start":{"line":4,"column":25},"end":{"line":4,"column":30}},"loc":{"start":{"line":4,"column":69},"end":{"line":39,"column":1}}}},"branchMap":{"0":{"loc":{"start":{"line":5,"column":4},"end":{"line":7,"column":null}},"type":"if","locations":[{"start":{"line":5,"column":4},"end":{"line":7,"column":null}}]}},"s":{"0":6,"1":6,"2":2,"3":0,"4":2,"5":2,"6":2,"7":2,"8":6},"f":{"0":2},"b":{"0":[0]}}
,"C:\\Users\\divya\\Documents\\Development\\teenageconcerns-api-graphql\\tests\\testKit.ts": {"path":"C:\\Users\\divya\\Documents\\Development\\teenageconcerns-api-graphql\\tests\\testKit.ts","statementMap":{"0":{"start":{"line":1,"column":0},"end":{"line":1,"column":26}},"1":{"start":{"line":2,"column":0},"end":{"line":2,"column":67}},"2":{"start":{"line":4,"column":0},"end":{"line":4,"column":45}},"3":{"start":{"line":5,"column":0},"end":{"line":5,"column":40}},"4":{"start":{"line":27,"column":28},"end":{"line":52,"column":1}},"5":{"start":{"line":34,"column":1},"end":{"line":34,"column":44}},"6":{"start":{"line":34,"column":14},"end":{"line":34,"column":44}},"7":{"start":{"line":36,"column":1},"end":{"line":51,"column":4}},"8":{"start":{"line":47,"column":51},"end":{"line":47,"column":60}},"9":{"start":{"line":27,"column":13},"end":{"line":27,"column":28}},"10":{"start":{"line":54,"column":32},"end":{"line":63,"column":1}},"11":{"start":{"line":55,"column":1},"end":{"line":55,"column":44}},"12":{"start":{"line":55,"column":14},"end":{"line":55,"column":44}},"13":{"start":{"line":56,"column":14},"end":{"line":61,"column":3}},"14":{"start":{"line":62,"column":1},"end":{"line":62,"column":13}},"15":{"start":{"line":54,"column":13},"end":{"line":54,"column":32}}},"fnMap":{"0":{"name":"(anonymous_0)","decl":{"start":{"line":27,"column":28},"end":{"line":27,"column":33}},"loc":{"start":{"line":33,"column":14},"end":{"line":52,"column":1}}},"1":{"name":"(anonymous_1)","decl":{"start":{"line":47,"column":43},"end":{"line":47,"column":44}},"loc":{"start":{"line":47,"column":51},"end":{"line":47,"column":60}}},"2":{"name":"(anonymous_2)","decl":{"start":{"line":54,"column":32},"end":{"line":54,"column":37}},"loc":{"start":{"line":54,"column":103},"end":{"line":63,"column":1}}}},"branchMap":{"0":{"loc":{"start":{"line":34,"column":1},"end":{"line":34,"column":44}},"type":"if","locations":[{"start":{"line":34,"column":1},"end":{"line":34,"column":44}}]},"1":{"loc":{"start":{"line":55,"column":1},"end":{"line":55,"column":44}},"type":"if","locations":[{"start":{"line":55,"column":1},"end":{"line":55,"column":44}}]}},"s":{"0":6,"1":6,"2":6,"3":6,"4":6,"5":18,"6":6,"7":18,"8":2,"9":6,"10":6,"11":1,"12":1,"13":1,"14":1,"15":6},"f":{"0":18,"1":2,"2":1},"b":{"0":[6],"1":[1]}}
}
