{"C:\\Users\\divya\\Documents\\Development\\teenageconcerns-api-graphql\\graphql\\mutations\\mentorLoginMutation.ts": {"path":"C:\\Users\\divya\\Documents\\Development\\teenageconcerns-api-graphql\\graphql\\mutations\\mentorLoginMutation.ts","statementMap":{"0":{"start":{"line":1,"column":13},"end":{"line":21,"column":2}}},"fnMap":{},"branchMap":{},"s":{"0":1},"f":{},"b":{}}
,"C:\\Users\\divya\\Documents\\Development\\teenageconcerns-api-graphql\\graphql\\mutations\\mentorLogoutMutation.ts": {"path":"C:\\Users\\divya\\Documents\\Development\\teenageconcerns-api-graphql\\graphql\\mutations\\mentorLogoutMutation.ts","statementMap":{"0":{"start":{"line":1,"column":13},"end":{"line":4,"column":3}}},"fnMap":{},"branchMap":{},"s":{"0":1},"f":{},"b":{}}
,"C:\\Users\\divya\\Documents\\Development\\teenageconcerns-api-graphql\\graphql\\mutations\\mentorRegisterMutation.ts": {"path":"C:\\Users\\divya\\Documents\\Development\\teenageconcerns-api-graphql\\graphql\\mutations\\mentorRegisterMutation.ts","statementMap":{"0":{"start":{"line":1,"column":13},"end":{"line":22,"column":2}}},"fnMap":{},"branchMap":{},"s":{"0":2},"f":{},"b":{}}
,"C:\\Users\\divya\\Documents\\Development\\teenageconcerns-api-graphql\\graphql\\mutations\\userDelete.ts": {"path":"C:\\Users\\divya\\Documents\\Development\\teenageconcerns-api-graphql\\graphql\\mutations\\userDelete.ts","statementMap":{"0":{"start":{"line":1,"column":13},"end":{"line":6,"column":3}}},"fnMap":{},"branchMap":{},"s":{"0":1},"f":{},"b":{}}
,"C:\\Users\\divya\\Documents\\Development\\teenageconcerns-api-graphql\\graphql\\mutations\\userLogin.ts": {"path":"C:\\Users\\divya\\Documents\\Development\\teenageconcerns-api-graphql\\graphql\\mutations\\userLogin.ts","statementMap":{"0":{"start":{"line":1,"column":13},"end":{"line":25,"column":3}}},"fnMap":{},"branchMap":{},"s":{"0":1},"f":{},"b":{}}
,"C:\\Users\\divya\\Documents\\Development\\teenageconcerns-api-graphql\\graphql\\mutations\\userRegister.ts": {"path":"C:\\Users\\divya\\Documents\\Development\\teenageconcerns-api-graphql\\graphql\\mutations\\userRegister.ts","statementMap":{"0":{"start":{"line":1,"column":13},"end":{"line":23,"column":3}}},"fnMap":{},"branchMap":{},"s":{"0":1},"f":{},"b":{}}
,"C:\\Users\\divya\\Documents\\Development\\teenageconcerns-api-graphql\\src\\constants.ts": {"path":"C:\\Users\\divya\\Documents\\Development\\teenageconcerns-api-graphql\\src\\constants.ts","statementMap":{"0":{"start":{"line":1,"column":13},"end":{"line":1,"column":83}},"1":{"start":{"line":2,"column":13},"end":{"line":2,"column":35}},"2":{"start":{"line":3,"column":13},"end":{"line":3,"column":62}},"3":{"start":{"line":4,"column":13},"end":{"line":4,"column":56}}},"fnMap":{},"branchMap":{"0":{"loc":{"start":{"line":1,"column":20},"end":{"line":1,"column":82}},"type":"binary-expr","locations":[{"start":{"line":1,"column":21},"end":{"line":1,"column":40}},{"start":{"line":1,"column":44},"end":{"line":1,"column":73}},{"start":{"line":1,"column":78},"end":{"line":1,"column":82}}]}},"s":{"0":2,"1":2,"2":2,"3":2},"f":{},"b":{"0":[2,0,2]}}
,"C:\\Users\\divya\\Documents\\Development\\teenageconcerns-api-graphql\\src\\data-source.ts": {"path":"C:\\Users\\divya\\Documents\\Development\\teenageconcerns-api-graphql\\src\\data-source.ts","statementMap":{"0":{"start":{"line":1,"column":0},"end":{"line":1,"column":26}},"1":{"start":{"line":2,"column":0},"end":{"line":2,"column":36}},"2":{"start":{"line":3,"column":0},"end":{"line":3,"column":36}},"3":{"start":{"line":4,"column":0},"end":{"line":4,"column":41}},"4":{"start":{"line":5,"column":0},"end":{"line":5,"column":39}},"5":{"start":{"line":7,"column":22},"end":{"line":19,"column":2}},"6":{"start":{"line":21,"column":23},"end":{"line":34,"column":2}},"7":{"start":{"line":36,"column":13},"end":{"line":36,"column":62}}},"fnMap":{},"branchMap":{"0":{"loc":{"start":{"line":36,"column":19},"end":{"line":36,"column":60}},"type":"cond-expr","locations":[{"start":{"line":36,"column":30},"end":{"line":36,"column":44}},{"start":{"line":36,"column":47},"end":{"line":36,"column":60}}]}},"s":{"0":2,"1":2,"2":2,"3":2,"4":2,"5":2,"6":2,"7":2},"f":{},"b":{"0":[2,0]}}
,"C:\\Users\\divya\\Documents\\Development\\teenageconcerns-api-graphql\\src\\schema.ts": {"path":"C:\\Users\\divya\\Documents\\Development\\teenageconcerns-api-graphql\\src\\schema.ts","statementMap":{"0":{"start":{"line":1,"column":0},"end":{"line":1,"column":28}},"1":{"start":{"line":2,"column":0},"end":{"line":2,"column":58}},"2":{"start":{"line":4,"column":0},"end":{"line":4,"column":43}},"3":{"start":{"line":6,"column":0},"end":{"line":6,"column":61}},"4":{"start":{"line":7,"column":0},"end":{"line":7,"column":61}},"5":{"start":{"line":8,"column":0},"end":{"line":8,"column":63}},"6":{"start":{"line":9,"column":0},"end":{"line":9,"column":57}},"7":{"start":{"line":11,"column":13},"end":{"line":14,"column":3}},"8":{"start":{"line":16,"column":28},"end":{"line":20,"column":2}},"9":{"start":{"line":16,"column":34},"end":{"line":20,"column":2}},"10":{"start":{"line":16,"column":13},"end":{"line":16,"column":28}}},"fnMap":{"0":{"name":"(anonymous_1)","decl":{"start":{"line":16,"column":28},"end":{"line":16,"column":31}},"loc":{"start":{"line":16,"column":34},"end":{"line":20,"column":2}}}},"branchMap":{},"s":{"0":2,"1":2,"2":2,"3":2,"4":2,"5":2,"6":2,"7":2,"8":2,"9":2,"10":2},"f":{"0":2},"b":{}}
,"C:\\Users\\divya\\Documents\\Development\\teenageconcerns-api-graphql\\src\\types.ts": {"path":"C:\\Users\\divya\\Documents\\Development\\teenageconcerns-api-graphql\\src\\types.ts","statementMap":{"0":{"start":{"line":2,"column":0},"end":{"line":2,"column":49}},"1":{"start":{"line":13,"column":0},"end":{"line":19,"column":null}},"2":{"start":{"line":15,"column":4},"end":{"line":15,"column":null}},"3":{"start":{"line":18,"column":4},"end":{"line":18,"column":null}},"4":{"start":{"line":13,"column":13},"end":{"line":19,"column":null}},"5":{"start":{"line":13,"column":13},"end":{"line":13,"column":22}}},"fnMap":{},"branchMap":{},"s":{"0":2,"1":2,"2":2,"3":2,"4":2,"5":2},"f":{},"b":{}}
,"C:\\Users\\divya\\Documents\\Development\\teenageconcerns-api-graphql\\src\\entity\\Mentor.ts": {"path":"C:\\Users\\divya\\Documents\\Development\\teenageconcerns-api-graphql\\src\\entity\\Mentor.ts","statementMap":{"0":{"start":{"line":1,"column":0},"end":{"line":1,"column":49}},"1":{"start":{"line":2,"column":0},"end":{"line":2,"column":124}},"2":{"start":{"line":3,"column":0},"end":{"line":3,"column":30}},"3":{"start":{"line":7,"column":0},"end":{"line":38,"column":null}},"4":{"start":{"line":10,"column":4},"end":{"line":10,"column":null}},"5":{"start":{"line":14,"column":4},"end":{"line":14,"column":null}},"6":{"start":{"line":18,"column":4},"end":{"line":18,"column":null}},"7":{"start":{"line":21,"column":4},"end":{"line":21,"column":null}},"8":{"start":{"line":25,"column":4},"end":{"line":25,"column":null}},"9":{"start":{"line":23,"column":17},"end":{"line":23,"column":23}},"10":{"start":{"line":24,"column":21},"end":{"line":24,"column":25}},"11":{"start":{"line":24,"column":35},"end":{"line":24,"column":46}},"12":{"start":{"line":29,"column":4},"end":{"line":29,"column":null}},"13":{"start":{"line":33,"column":4},"end":{"line":33,"column":null}},"14":{"start":{"line":37,"column":4},"end":{"line":37,"column":null}},"15":{"start":{"line":7,"column":13},"end":{"line":38,"column":null}},"16":{"start":{"line":7,"column":13},"end":{"line":7,"column":19}}},"fnMap":{"0":{"name":"(anonymous_2)","decl":{"start":{"line":23,"column":11},"end":{"line":23,"column":14}},"loc":{"start":{"line":23,"column":17},"end":{"line":23,"column":23}}},"1":{"name":"(anonymous_3)","decl":{"start":{"line":24,"column":15},"end":{"line":24,"column":18}},"loc":{"start":{"line":24,"column":21},"end":{"line":24,"column":25}}},"2":{"name":"(anonymous_4)","decl":{"start":{"line":24,"column":27},"end":{"line":24,"column":31}},"loc":{"start":{"line":24,"column":35},"end":{"line":24,"column":46}}}},"branchMap":{},"s":{"0":2,"1":2,"2":2,"3":2,"4":2,"5":2,"6":2,"7":2,"8":2,"9":2,"10":2,"11":2,"12":2,"13":2,"14":2,"15":2,"16":2},"f":{"0":2,"1":2,"2":2},"b":{}}
,"C:\\Users\\divya\\Documents\\Development\\teenageconcerns-api-graphql\\src\\entity\\User.ts": {"path":"C:\\Users\\divya\\Documents\\Development\\teenageconcerns-api-graphql\\src\\entity\\User.ts","statementMap":{"0":{"start":{"line":1,"column":0},"end":{"line":1,"column":48}},"1":{"start":{"line":2,"column":0},"end":{"line":2,"column":123}},"2":{"start":{"line":3,"column":0},"end":{"line":3,"column":34}},"3":{"start":{"line":7,"column":0},"end":{"line":31,"column":null}},"4":{"start":{"line":10,"column":4},"end":{"line":10,"column":null}},"5":{"start":{"line":14,"column":4},"end":{"line":14,"column":null}},"6":{"start":{"line":18,"column":4},"end":{"line":18,"column":null}},"7":{"start":{"line":22,"column":4},"end":{"line":22,"column":null}},"8":{"start":{"line":20,"column":17},"end":{"line":20,"column":23}},"9":{"start":{"line":21,"column":21},"end":{"line":21,"column":27}},"10":{"start":{"line":21,"column":39},"end":{"line":21,"column":51}},"11":{"start":{"line":26,"column":4},"end":{"line":26,"column":null}},"12":{"start":{"line":30,"column":4},"end":{"line":30,"column":null}},"13":{"start":{"line":7,"column":13},"end":{"line":31,"column":null}},"14":{"start":{"line":7,"column":13},"end":{"line":7,"column":17}}},"fnMap":{"0":{"name":"(anonymous_2)","decl":{"start":{"line":20,"column":11},"end":{"line":20,"column":14}},"loc":{"start":{"line":20,"column":17},"end":{"line":20,"column":23}}},"1":{"name":"(anonymous_3)","decl":{"start":{"line":21,"column":15},"end":{"line":21,"column":18}},"loc":{"start":{"line":21,"column":21},"end":{"line":21,"column":27}}},"2":{"name":"(anonymous_4)","decl":{"start":{"line":21,"column":29},"end":{"line":21,"column":35}},"loc":{"start":{"line":21,"column":39},"end":{"line":21,"column":51}}}},"branchMap":{},"s":{"0":2,"1":2,"2":2,"3":2,"4":2,"5":2,"6":2,"7":2,"8":2,"9":2,"10":2,"11":2,"12":2,"13":2,"14":2},"f":{"0":2,"1":2,"2":2},"b":{}}
,"C:\\Users\\divya\\Documents\\Development\\teenageconcerns-api-graphql\\src\\middleware\\auth.middleware.ts": {"path":"C:\\Users\\divya\\Documents\\Development\\teenageconcerns-api-graphql\\src\\middleware\\auth.middleware.ts","statementMap":{"0":{"start":{"line":4,"column":49},"end":{"line":9,"column":1}},"1":{"start":{"line":5,"column":4},"end":{"line":7,"column":null}},"2":{"start":{"line":6,"column":8},"end":{"line":6,"column":49}},"3":{"start":{"line":8,"column":4},"end":{"line":8,"column":18}},"4":{"start":{"line":4,"column":13},"end":{"line":4,"column":49}},"5":{"start":{"line":11,"column":51},"end":{"line":16,"column":1}},"6":{"start":{"line":12,"column":4},"end":{"line":14,"column":null}},"7":{"start":{"line":13,"column":8},"end":{"line":13,"column":51}},"8":{"start":{"line":15,"column":4},"end":{"line":15,"column":18}},"9":{"start":{"line":11,"column":13},"end":{"line":11,"column":51}}},"fnMap":{"0":{"name":"(anonymous_0)","decl":{"start":{"line":4,"column":49},"end":{"line":4,"column":50}},"loc":{"start":{"line":4,"column":71},"end":{"line":9,"column":1}}},"1":{"name":"(anonymous_1)","decl":{"start":{"line":11,"column":51},"end":{"line":11,"column":52}},"loc":{"start":{"line":11,"column":73},"end":{"line":16,"column":1}}}},"branchMap":{"0":{"loc":{"start":{"line":5,"column":4},"end":{"line":7,"column":null}},"type":"if","locations":[{"start":{"line":5,"column":4},"end":{"line":7,"column":null}}]},"1":{"loc":{"start":{"line":5,"column":7},"end":{"line":5,"column":66}},"type":"binary-expr","locations":[{"start":{"line":5,"column":7},"end":{"line":5,"column":34}},{"start":{"line":5,"column":38},"end":{"line":5,"column":66}}]},"2":{"loc":{"start":{"line":12,"column":4},"end":{"line":14,"column":null}},"type":"if","locations":[{"start":{"line":12,"column":4},"end":{"line":14,"column":null}}]},"3":{"loc":{"start":{"line":12,"column":7},"end":{"line":12,"column":66}},"type":"binary-expr","locations":[{"start":{"line":12,"column":7},"end":{"line":12,"column":33}},{"start":{"line":12,"column":37},"end":{"line":12,"column":66}}]}},"s":{"0":2,"1":2,"2":1,"3":1,"4":2,"5":2,"6":2,"7":1,"8":1,"9":2},"f":{"0":2,"1":2},"b":{"0":[1],"1":[2,1],"2":[1],"3":[2,2]}}
,"C:\\Users\\divya\\Documents\\Development\\teenageconcerns-api-graphql\\src\\resolvers\\common.resolver.ts": {"path":"C:\\Users\\divya\\Documents\\Development\\teenageconcerns-api-graphql\\src\\resolvers\\common.resolver.ts","statementMap":{"0":{"start":{"line":2,"column":0},"end":{"line":2,"column":71}},"1":{"start":{"line":5,"column":0},"end":{"line":11,"column":null}},"2":{"start":{"line":7,"column":4},"end":{"line":7,"column":null}},"3":{"start":{"line":10,"column":4},"end":{"line":10,"column":null}},"4":{"start":{"line":5,"column":13},"end":{"line":11,"column":null}},"5":{"start":{"line":5,"column":13},"end":{"line":5,"column":21}},"6":{"start":{"line":14,"column":0},"end":{"line":35,"column":null}},"7":{"start":{"line":17,"column":8},"end":{"line":17,"column":23}},"8":{"start":{"line":24,"column":8},"end":{"line":28,"column":null}},"9":{"start":{"line":25,"column":12},"end":{"line":27,"column":null}},"10":{"start":{"line":30,"column":8},"end":{"line":32,"column":10}},"11":{"start":{"line":16,"column":4},"end":{"line":18,"column":null}},"12":{"start":{"line":15,"column":17},"end":{"line":15,"column":23}},"13":{"start":{"line":21,"column":4},"end":{"line":34,"column":null}},"14":{"start":{"line":20,"column":17},"end":{"line":20,"column":25}},"15":{"start":{"line":14,"column":13},"end":{"line":35,"column":null}},"16":{"start":{"line":14,"column":13},"end":{"line":14,"column":27}}},"fnMap":{"0":{"name":"(anonymous_4)","decl":{"start":{"line":16,"column":4},"end":{"line":16,"column":8}},"loc":{"start":{"line":16,"column":8},"end":{"line":18,"column":5}}},"1":{"name":"(anonymous_5)","decl":{"start":{"line":21,"column":4},"end":{"line":21,"column":10}},"loc":{"start":{"line":22,"column":31},"end":{"line":34,"column":5}}},"2":{"name":"(anonymous_6)","decl":{"start":{"line":15,"column":11},"end":{"line":15,"column":14}},"loc":{"start":{"line":15,"column":17},"end":{"line":15,"column":23}}},"3":{"name":"(anonymous_7)","decl":{"start":{"line":20,"column":11},"end":{"line":20,"column":14}},"loc":{"start":{"line":20,"column":17},"end":{"line":20,"column":25}}}},"branchMap":{"0":{"loc":{"start":{"line":24,"column":8},"end":{"line":28,"column":null}},"type":"if","locations":[{"start":{"line":24,"column":8},"end":{"line":28,"column":null}}]}},"s":{"0":2,"1":2,"2":2,"3":2,"4":2,"5":2,"6":2,"7":0,"8":0,"9":0,"10":0,"11":2,"12":2,"13":2,"14":2,"15":2,"16":2},"f":{"0":0,"1":0,"2":2,"3":2},"b":{"0":[0]}}
,"C:\\Users\\divya\\Documents\\Development\\teenageconcerns-api-graphql\\src\\resolvers\\mentor.resolver.ts": {"path":"C:\\Users\\divya\\Documents\\Development\\teenageconcerns-api-graphql\\src\\resolvers\\mentor.resolver.ts","statementMap":{"0":{"start":{"line":1,"column":0},"end":{"line":1,"column":42}},"1":{"start":{"line":3,"column":0},"end":{"line":3,"column":94}},"2":{"start":{"line":4,"column":0},"end":{"line":4,"column":28}},"3":{"start":{"line":5,"column":0},"end":{"line":5,"column":37}},"4":{"start":{"line":6,"column":0},"end":{"line":6,"column":61}},"5":{"start":{"line":9,"column":0},"end":{"line":15,"column":null}},"6":{"start":{"line":11,"column":2},"end":{"line":11,"column":null}},"7":{"start":{"line":10,"column":15},"end":{"line":10,"column":21}},"8":{"start":{"line":14,"column":2},"end":{"line":14,"column":null}},"9":{"start":{"line":13,"column":15},"end":{"line":13,"column":26}},"10":{"start":{"line":9,"column":13},"end":{"line":15,"column":null}},"11":{"start":{"line":9,"column":13},"end":{"line":9,"column":25}},"12":{"start":{"line":18,"column":0},"end":{"line":111,"column":null}},"13":{"start":{"line":26,"column":17},"end":{"line":26,"column":44}},"14":{"start":{"line":27,"column":19},"end":{"line":32,"column":6}},"15":{"start":{"line":33,"column":4},"end":{"line":46,"column":null}},"16":{"start":{"line":34,"column":6},"end":{"line":34,"column":36}},"17":{"start":{"line":36,"column":6},"end":{"line":45,"column":null}},"18":{"start":{"line":37,"column":8},"end":{"line":44,"column":10}},"19":{"start":{"line":48,"column":4},"end":{"line":48,"column":32}},"20":{"start":{"line":49,"column":4},"end":{"line":49,"column":37}},"21":{"start":{"line":51,"column":4},"end":{"line":51,"column":22}},"22":{"start":{"line":60,"column":19},"end":{"line":66,"column":15}},"23":{"start":{"line":68,"column":4},"end":{"line":77,"column":null}},"24":{"start":{"line":69,"column":6},"end":{"line":76,"column":8}},"25":{"start":{"line":79,"column":21},"end":{"line":79,"column":67}},"26":{"start":{"line":81,"column":4},"end":{"line":90,"column":null}},"27":{"start":{"line":82,"column":6},"end":{"line":89,"column":8}},"28":{"start":{"line":92,"column":4},"end":{"line":92,"column":32}},"29":{"start":{"line":93,"column":4},"end":{"line":93,"column":37}},"30":{"start":{"line":95,"column":4},"end":{"line":95,"column":22}},"31":{"start":{"line":101,"column":4},"end":{"line":109,"column":6}},"32":{"start":{"line":102,"column":6},"end":{"line":108,"column":8}},"33":{"start":{"line":103,"column":8},"end":{"line":106,"column":null}},"34":{"start":{"line":104,"column":10},"end":{"line":104,"column":27}},"35":{"start":{"line":105,"column":10},"end":{"line":105,"column":21}},"36":{"start":{"line":107,"column":8},"end":{"line":107,"column":18}},"37":{"start":{"line":20,"column":2},"end":{"line":52,"column":null}},"38":{"start":{"line":19,"column":18},"end":{"line":19,"column":30}},"39":{"start":{"line":55,"column":2},"end":{"line":96,"column":null}},"40":{"start":{"line":54,"column":18},"end":{"line":54,"column":30}},"41":{"start":{"line":100,"column":2},"end":{"line":110,"column":null}},"42":{"start":{"line":99,"column":18},"end":{"line":99,"column":25}},"43":{"start":{"line":18,"column":13},"end":{"line":111,"column":null}},"44":{"start":{"line":18,"column":13},"end":{"line":18,"column":27}}},"fnMap":{"0":{"name":"(anonymous_5)","decl":{"start":{"line":10,"column":9},"end":{"line":10,"column":12}},"loc":{"start":{"line":10,"column":15},"end":{"line":10,"column":21}}},"1":{"name":"(anonymous_6)","decl":{"start":{"line":13,"column":9},"end":{"line":13,"column":12}},"loc":{"start":{"line":13,"column":15},"end":{"line":13,"column":26}}},"2":{"name":"(anonymous_7)","decl":{"start":{"line":20,"column":2},"end":{"line":20,"column":7}},"loc":{"start":{"line":24,"column":31},"end":{"line":52,"column":3}}},"3":{"name":"(anonymous_8)","decl":{"start":{"line":55,"column":2},"end":{"line":55,"column":7}},"loc":{"start":{"line":58,"column":31},"end":{"line":96,"column":3}}},"4":{"name":"(anonymous_9)","decl":{"start":{"line":100,"column":2},"end":{"line":100,"column":14}},"loc":{"start":{"line":100,"column":38},"end":{"line":110,"column":3}}},"5":{"name":"(anonymous_10)","decl":{"start":{"line":101,"column":23},"end":{"line":101,"column":24}},"loc":{"start":{"line":102,"column":6},"end":{"line":108,"column":8}}},"6":{"name":"(anonymous_11)","decl":{"start":{"line":102,"column":26},"end":{"line":102,"column":27}},"loc":{"start":{"line":102,"column":34},"end":{"line":108,"column":7}}},"7":{"name":"(anonymous_12)","decl":{"start":{"line":19,"column":12},"end":{"line":19,"column":15}},"loc":{"start":{"line":19,"column":18},"end":{"line":19,"column":30}}},"8":{"name":"(anonymous_13)","decl":{"start":{"line":54,"column":12},"end":{"line":54,"column":15}},"loc":{"start":{"line":54,"column":18},"end":{"line":54,"column":30}}},"9":{"name":"(anonymous_14)","decl":{"start":{"line":99,"column":12},"end":{"line":99,"column":15}},"loc":{"start":{"line":99,"column":18},"end":{"line":99,"column":25}}}},"branchMap":{"0":{"loc":{"start":{"line":36,"column":6},"end":{"line":45,"column":null}},"type":"if","locations":[{"start":{"line":36,"column":6},"end":{"line":45,"column":null}}]},"1":{"loc":{"start":{"line":68,"column":4},"end":{"line":77,"column":null}},"type":"if","locations":[{"start":{"line":68,"column":4},"end":{"line":77,"column":null}}]},"2":{"loc":{"start":{"line":81,"column":4},"end":{"line":90,"column":null}},"type":"if","locations":[{"start":{"line":81,"column":4},"end":{"line":90,"column":null}}]},"3":{"loc":{"start":{"line":103,"column":8},"end":{"line":106,"column":null}},"type":"if","locations":[{"start":{"line":103,"column":8},"end":{"line":106,"column":null}}]}},"s":{"0":2,"1":2,"2":2,"3":2,"4":2,"5":2,"6":2,"7":2,"8":2,"9":2,"10":2,"11":2,"12":2,"13":2,"14":2,"15":2,"16":2,"17":0,"18":0,"19":2,"20":2,"21":2,"22":1,"23":1,"24":0,"25":1,"26":1,"27":0,"28":1,"29":1,"30":1,"31":1,"32":1,"33":1,"34":0,"35":0,"36":1,"37":2,"38":2,"39":2,"40":2,"41":2,"42":2,"43":2,"44":2},"f":{"0":2,"1":2,"2":2,"3":1,"4":1,"5":1,"6":1,"7":2,"8":2,"9":2},"b":{"0":[0],"1":[0],"2":[0],"3":[0]}}
,"C:\\Users\\divya\\Documents\\Development\\teenageconcerns-api-graphql\\src\\resolvers\\message.resolver.ts": {"path":"C:\\Users\\divya\\Documents\\Development\\teenageconcerns-api-graphql\\src\\resolvers\\message.resolver.ts","statementMap":{"0":{"start":{"line":1,"column":0},"end":{"line":1,"column":null}},"1":{"start":{"line":11,"column":0},"end":{"line":11,"column":53}},"2":{"start":{"line":14,"column":0},"end":{"line":17,"column":null}},"3":{"start":{"line":16,"column":2},"end":{"line":16,"column":null}},"4":{"start":{"line":14,"column":6},"end":{"line":17,"column":null}},"5":{"start":{"line":20,"column":0},"end":{"line":41,"column":null}},"6":{"start":{"line":27,"column":8},"end":{"line":27,"column":51}},"7":{"start":{"line":28,"column":8},"end":{"line":28,"column":23}},"8":{"start":{"line":38,"column":8},"end":{"line":38,"column":null}},"9":{"start":{"line":39,"column":8},"end":{"line":39,"column":20}},"10":{"start":{"line":22,"column":4},"end":{"line":29,"column":null}},"11":{"start":{"line":21,"column":20},"end":{"line":21,"column":26}},"12":{"start":{"line":34,"column":4},"end":{"line":40,"column":null}},"13":{"start":{"line":31,"column":24},"end":{"line":31,"column":38}},"14":{"start":{"line":32,"column":30},"end":{"line":32,"column":40}},"15":{"start":{"line":20,"column":13},"end":{"line":41,"column":null}},"16":{"start":{"line":20,"column":13},"end":{"line":20,"column":28}}},"fnMap":{"0":{"name":"(anonymous_4)","decl":{"start":{"line":22,"column":4},"end":{"line":22,"column":9}},"loc":{"start":{"line":25,"column":38},"end":{"line":29,"column":5}}},"1":{"name":"(anonymous_5)","decl":{"start":{"line":34,"column":4},"end":{"line":34,"column":9}},"loc":{"start":{"line":36,"column":36},"end":{"line":40,"column":5}}},"2":{"name":"(anonymous_6)","decl":{"start":{"line":21,"column":14},"end":{"line":21,"column":17}},"loc":{"start":{"line":21,"column":20},"end":{"line":21,"column":26}}},"3":{"name":"(anonymous_7)","decl":{"start":{"line":31,"column":18},"end":{"line":31,"column":21}},"loc":{"start":{"line":31,"column":24},"end":{"line":31,"column":38}}},"4":{"name":"(anonymous_8)","decl":{"start":{"line":32,"column":16},"end":{"line":32,"column":17}},"loc":{"start":{"line":32,"column":30},"end":{"line":32,"column":40}}}},"branchMap":{},"s":{"0":2,"1":2,"2":2,"3":2,"4":2,"5":2,"6":0,"7":0,"8":0,"9":0,"10":2,"11":2,"12":2,"13":2,"14":0,"15":2,"16":2},"f":{"0":0,"1":0,"2":2,"3":2,"4":0},"b":{}}
,"C:\\Users\\divya\\Documents\\Development\\teenageconcerns-api-graphql\\src\\resolvers\\user.resolver.ts": {"path":"C:\\Users\\divya\\Documents\\Development\\teenageconcerns-api-graphql\\src\\resolvers\\user.resolver.ts","statementMap":{"0":{"start":{"line":1,"column":0},"end":{"line":1,"column":94}},"1":{"start":{"line":2,"column":0},"end":{"line":2,"column":36}},"2":{"start":{"line":4,"column":0},"end":{"line":4,"column":37}},"3":{"start":{"line":6,"column":0},"end":{"line":6,"column":38}},"4":{"start":{"line":7,"column":0},"end":{"line":7,"column":42}},"5":{"start":{"line":8,"column":0},"end":{"line":8,"column":59}},"6":{"start":{"line":11,"column":0},"end":{"line":17,"column":null}},"7":{"start":{"line":13,"column":4},"end":{"line":13,"column":null}},"8":{"start":{"line":16,"column":4},"end":{"line":16,"column":null}},"9":{"start":{"line":15,"column":17},"end":{"line":15,"column":28}},"10":{"start":{"line":11,"column":13},"end":{"line":17,"column":null}},"11":{"start":{"line":11,"column":13},"end":{"line":11,"column":23}},"12":{"start":{"line":20,"column":0},"end":{"line":124,"column":null}},"13":{"start":{"line":26,"column":27},"end":{"line":34,"column":17}},"14":{"start":{"line":36,"column":8},"end":{"line":43,"column":null}},"15":{"start":{"line":37,"column":12},"end":{"line":42,"column":null}},"16":{"start":{"line":45,"column":8},"end":{"line":45,"column":37}},"17":{"start":{"line":46,"column":8},"end":{"line":46,"column":34}},"18":{"start":{"line":48,"column":8},"end":{"line":48,"column":36}},"19":{"start":{"line":55,"column":24},"end":{"line":55,"column":32}},"20":{"start":{"line":56,"column":24},"end":{"line":60,"column":10}},"21":{"start":{"line":63,"column":8},"end":{"line":70,"column":null}},"22":{"start":{"line":64,"column":12},"end":{"line":69,"column":null}},"23":{"start":{"line":73,"column":21},"end":{"line":76,"column":10}},"24":{"start":{"line":77,"column":8},"end":{"line":77,"column":36}},"25":{"start":{"line":78,"column":8},"end":{"line":78,"column":56}},"26":{"start":{"line":79,"column":8},"end":{"line":79,"column":42}},"27":{"start":{"line":81,"column":27},"end":{"line":89,"column":17}},"28":{"start":{"line":91,"column":8},"end":{"line":98,"column":null}},"29":{"start":{"line":92,"column":12},"end":{"line":97,"column":null}},"30":{"start":{"line":100,"column":8},"end":{"line":100,"column":37}},"31":{"start":{"line":101,"column":8},"end":{"line":101,"column":37}},"32":{"start":{"line":103,"column":8},"end":{"line":103,"column":36}},"33":{"start":{"line":112,"column":21},"end":{"line":114,"column":10}},"34":{"start":{"line":115,"column":8},"end":{"line":115,"column":38}},"35":{"start":{"line":115,"column":25},"end":{"line":115,"column":38}},"36":{"start":{"line":116,"column":8},"end":{"line":118,"column":null}},"37":{"start":{"line":119,"column":8},"end":{"line":121,"column":null}},"38":{"start":{"line":120,"column":12},"end":{"line":120,"column":32}},"39":{"start":{"line":122,"column":8},"end":{"line":122,"column":20}},"40":{"start":{"line":22,"column":4},"end":{"line":49,"column":null}},"41":{"start":{"line":21,"column":20},"end":{"line":21,"column":30}},"42":{"start":{"line":52,"column":4},"end":{"line":104,"column":null}},"43":{"start":{"line":51,"column":20},"end":{"line":51,"column":30}},"44":{"start":{"line":108,"column":4},"end":{"line":123,"column":null}},"45":{"start":{"line":107,"column":20},"end":{"line":107,"column":27}},"46":{"start":{"line":20,"column":13},"end":{"line":124,"column":null}},"47":{"start":{"line":20,"column":13},"end":{"line":20,"column":25}}},"fnMap":{"0":{"name":"(anonymous_4)","decl":{"start":{"line":15,"column":11},"end":{"line":15,"column":14}},"loc":{"start":{"line":15,"column":17},"end":{"line":15,"column":28}}},"1":{"name":"(anonymous_5)","decl":{"start":{"line":22,"column":4},"end":{"line":22,"column":9}},"loc":{"start":{"line":24,"column":35},"end":{"line":49,"column":5}}},"2":{"name":"(anonymous_6)","decl":{"start":{"line":52,"column":4},"end":{"line":52,"column":9}},"loc":{"start":{"line":53,"column":35},"end":{"line":104,"column":5}}},"3":{"name":"(anonymous_7)","decl":{"start":{"line":108,"column":4},"end":{"line":108,"column":9}},"loc":{"start":{"line":110,"column":31},"end":{"line":123,"column":5}}},"4":{"name":"(anonymous_8)","decl":{"start":{"line":119,"column":28},"end":{"line":119,"column":29}},"loc":{"start":{"line":119,"column":36},"end":{"line":121,"column":9}}},"5":{"name":"(anonymous_9)","decl":{"start":{"line":21,"column":14},"end":{"line":21,"column":17}},"loc":{"start":{"line":21,"column":20},"end":{"line":21,"column":30}}},"6":{"name":"(anonymous_10)","decl":{"start":{"line":51,"column":14},"end":{"line":51,"column":17}},"loc":{"start":{"line":51,"column":20},"end":{"line":51,"column":30}}},"7":{"name":"(anonymous_11)","decl":{"start":{"line":107,"column":14},"end":{"line":107,"column":17}},"loc":{"start":{"line":107,"column":20},"end":{"line":107,"column":27}}}},"branchMap":{"0":{"loc":{"start":{"line":36,"column":8},"end":{"line":43,"column":null}},"type":"if","locations":[{"start":{"line":36,"column":8},"end":{"line":43,"column":null}}]},"1":{"loc":{"start":{"line":63,"column":8},"end":{"line":70,"column":null}},"type":"if","locations":[{"start":{"line":63,"column":8},"end":{"line":70,"column":null}}]},"2":{"loc":{"start":{"line":91,"column":8},"end":{"line":98,"column":null}},"type":"if","locations":[{"start":{"line":91,"column":8},"end":{"line":98,"column":null}}]},"3":{"loc":{"start":{"line":115,"column":8},"end":{"line":115,"column":38}},"type":"if","locations":[{"start":{"line":115,"column":8},"end":{"line":115,"column":38}}]},"4":{"loc":{"start":{"line":120,"column":19},"end":{"line":120,"column":31}},"type":"binary-expr","locations":[{"start":{"line":120,"column":19},"end":{"line":120,"column":22}},{"start":{"line":120,"column":26},"end":{"line":120,"column":31}}]}},"s":{"0":2,"1":2,"2":2,"3":2,"4":2,"5":2,"6":2,"7":2,"8":2,"9":2,"10":2,"11":2,"12":2,"13":1,"14":1,"15":0,"16":1,"17":1,"18":1,"19":2,"20":2,"21":2,"22":1,"23":1,"24":1,"25":1,"26":1,"27":1,"28":1,"29":0,"30":1,"31":1,"32":1,"33":1,"34":1,"35":0,"36":1,"37":1,"38":1,"39":1,"40":2,"41":2,"42":2,"43":2,"44":2,"45":2,"46":2,"47":2},"f":{"0":2,"1":1,"2":2,"3":1,"4":1,"5":2,"6":2,"7":2},"b":{"0":[0],"1":[1],"2":[0],"3":[0],"4":[1,0]}}
,"C:\\Users\\divya\\Documents\\Development\\teenageconcerns-api-graphql\\tests\\testCall.ts": {"path":"C:\\Users\\divya\\Documents\\Development\\teenageconcerns-api-graphql\\tests\\testCall.ts","statementMap":{"0":{"start":{"line":1,"column":0},"end":{"line":1,"column":26}},"1":{"start":{"line":2,"column":0},"end":{"line":2,"column":49}},"2":{"start":{"line":4,"column":0},"end":{"line":4,"column":45}},"3":{"start":{"line":5,"column":0},"end":{"line":5,"column":42}},"4":{"start":{"line":19,"column":24},"end":{"line":44,"column":1}},"5":{"start":{"line":26,"column":2},"end":{"line":26,"column":45}},"6":{"start":{"line":26,"column":15},"end":{"line":26,"column":45}},"7":{"start":{"line":28,"column":2},"end":{"line":43,"column":5}},"8":{"start":{"line":39,"column":56},"end":{"line":39,"column":65}},"9":{"start":{"line":19,"column":13},"end":{"line":19,"column":24}}},"fnMap":{"0":{"name":"(anonymous_0)","decl":{"start":{"line":19,"column":24},"end":{"line":19,"column":29}},"loc":{"start":{"line":25,"column":14},"end":{"line":44,"column":1}}},"1":{"name":"(anonymous_1)","decl":{"start":{"line":39,"column":48},"end":{"line":39,"column":49}},"loc":{"start":{"line":39,"column":56},"end":{"line":39,"column":65}}}},"branchMap":{"0":{"loc":{"start":{"line":26,"column":2},"end":{"line":26,"column":45}},"type":"if","locations":[{"start":{"line":26,"column":2},"end":{"line":26,"column":45}}]}},"s":{"0":2,"1":2,"2":2,"3":2,"4":2,"5":10,"6":2,"7":10,"8":2,"9":2},"f":{"0":10,"1":2},"b":{"0":[2]}}
}
