TN:
SF:graphql\mutations\mentorLoginMutation.ts
FNF:0
FNH:0
DA:1,1
LF:1
LH:1
BRF:0
BRH:0
end_of_record
TN:
SF:graphql\mutations\mentorLogoutMutation.ts
FNF:0
FNH:0
DA:1,1
LF:1
LH:1
BRF:0
BRH:0
end_of_record
TN:
SF:graphql\mutations\mentorRegisterMutation.ts
FNF:0
FNH:0
DA:1,3
LF:1
LH:1
BRF:0
BRH:0
end_of_record
TN:
SF:graphql\mutations\userDelete.ts
FNF:0
FNH:0
DA:1,1
LF:1
LH:1
BRF:0
BRH:0
end_of_record
TN:
SF:graphql\mutations\userLogin.ts
FNF:0
FNH:0
DA:1,1
LF:1
LH:1
BRF:0
BRH:0
end_of_record
TN:
SF:graphql\mutations\userRegister.ts
FNF:0
FNH:0
DA:1,2
LF:1
LH:1
BRF:0
BRH:0
end_of_record
TN:
SF:graphql\queries\whoami.ts
FNF:0
FNH:0
DA:1,1
LF:1
LH:1
BRF:0
BRH:0
end_of_record
TN:
SF:src\constants.ts
FNF:0
FNH:0
DA:1,3
DA:2,3
DA:3,3
DA:4,3
LF:4
LH:4
BRDA:1,0,0,3
BRDA:1,0,1,0
BRDA:1,0,2,3
BRF:3
BRH:2
end_of_record
TN:
SF:src\data-source.ts
FNF:0
FNH:0
DA:1,3
DA:2,3
DA:3,3
DA:4,3
DA:5,3
DA:7,3
DA:21,3
DA:36,3
LF:8
LH:8
BRDA:36,0,0,3
BRDA:36,0,1,0
BRF:2
BRH:1
end_of_record
TN:
SF:src\schema.ts
FN:16,(anonymous_1)
FNF:1
FNH:1
FNDA:3,(anonymous_1)
DA:1,3
DA:2,3
DA:4,3
DA:6,3
DA:7,3
DA:8,3
DA:9,3
DA:11,3
DA:16,3
LF:9
LH:9
BRF:0
BRH:0
end_of_record
TN:
SF:src\types.ts
FNF:0
FNH:0
DA:2,3
DA:13,3
DA:15,3
DA:18,3
LF:4
LH:4
BRF:0
BRH:0
end_of_record
TN:
SF:src\entity\Mentor.ts
FN:23,(anonymous_2)
FN:24,(anonymous_3)
FN:24,(anonymous_4)
FNF:3
FNH:3
FNDA:3,(anonymous_2)
FNDA:3,(anonymous_3)
FNDA:3,(anonymous_4)
DA:1,3
DA:2,3
DA:3,3
DA:7,3
DA:10,3
DA:14,3
DA:18,3
DA:21,3
DA:23,3
DA:24,3
DA:25,3
DA:29,3
DA:33,3
DA:37,3
LF:14
LH:14
BRF:0
BRH:0
end_of_record
TN:
SF:src\entity\User.ts
FN:20,(anonymous_2)
FN:21,(anonymous_3)
FN:21,(anonymous_4)
FNF:3
FNH:3
FNDA:3,(anonymous_2)
FNDA:3,(anonymous_3)
FNDA:3,(anonymous_4)
DA:1,3
DA:2,3
DA:3,3
DA:7,3
DA:10,3
DA:14,3
DA:18,3
DA:20,3
DA:21,3
DA:22,3
DA:26,3
DA:30,3
LF:12
LH:12
BRF:0
BRH:0
end_of_record
TN:
SF:src\middleware\auth.middleware.ts
FN:4,(anonymous_0)
FN:11,(anonymous_1)
FNF:2
FNH:2
FNDA:2,(anonymous_0)
FNDA:2,(anonymous_1)
DA:4,3
DA:5,2
DA:6,1
DA:8,1
DA:11,3
DA:12,2
DA:13,1
DA:15,1
LF:8
LH:8
BRDA:5,0,0,1
BRDA:5,1,0,2
BRDA:5,1,1,1
BRDA:12,2,0,1
BRDA:12,3,0,2
BRDA:12,3,1,2
BRF:6
BRH:6
end_of_record
TN:
SF:src\resolvers\common.resolver.ts
FN:16,(anonymous_4)
FN:15,(anonymous_5)
FNF:2
FNH:2
FNDA:3,(anonymous_4)
FNDA:3,(anonymous_5)
DA:2,3
DA:5,3
DA:7,3
DA:10,3
DA:14,3
DA:15,3
DA:16,3
DA:19,3
DA:20,1
DA:25,2
LF:10
LH:10
BRDA:19,0,0,1
BRF:1
BRH:1
end_of_record
TN:
SF:src\resolvers\mentor.resolver.ts
FN:10,(anonymous_5)
FN:13,(anonymous_6)
FN:20,(anonymous_7)
FN:55,(anonymous_8)
FN:100,(anonymous_9)
FN:101,(anonymous_10)
FN:102,(anonymous_11)
FN:19,(anonymous_12)
FN:54,(anonymous_13)
FN:99,(anonymous_14)
FNF:10
FNH:10
FNDA:3,(anonymous_5)
FNDA:3,(anonymous_6)
FNDA:3,(anonymous_7)
FNDA:1,(anonymous_8)
FNDA:1,(anonymous_9)
FNDA:1,(anonymous_10)
FNDA:1,(anonymous_11)
FNDA:3,(anonymous_12)
FNDA:3,(anonymous_13)
FNDA:3,(anonymous_14)
DA:1,3
DA:3,3
DA:4,3
DA:5,3
DA:6,3
DA:9,3
DA:10,3
DA:11,3
DA:13,3
DA:14,3
DA:18,3
DA:19,3
DA:20,3
DA:26,3
DA:27,3
DA:33,3
DA:34,3
DA:36,0
DA:37,0
DA:48,3
DA:49,3
DA:51,3
DA:54,3
DA:55,3
DA:60,1
DA:68,1
DA:69,0
DA:79,1
DA:81,1
DA:82,0
DA:92,1
DA:93,1
DA:95,1
DA:99,3
DA:100,3
DA:101,1
DA:102,1
DA:103,1
DA:104,0
DA:105,0
DA:107,1
LF:41
LH:35
BRDA:36,0,0,0
BRDA:68,1,0,0
BRDA:81,2,0,0
BRDA:103,3,0,0
BRF:4
BRH:0
end_of_record
TN:
SF:src\resolvers\message.resolver.ts
FN:22,(anonymous_4)
FN:34,(anonymous_5)
FN:21,(anonymous_6)
FN:31,(anonymous_7)
FN:32,(anonymous_8)
FNF:5
FNH:2
FNDA:0,(anonymous_4)
FNDA:0,(anonymous_5)
FNDA:3,(anonymous_6)
FNDA:3,(anonymous_7)
FNDA:0,(anonymous_8)
DA:1,3
DA:11,3
DA:14,3
DA:16,3
DA:20,3
DA:21,3
DA:22,3
DA:27,0
DA:28,0
DA:31,3
DA:32,0
DA:34,3
DA:38,0
DA:39,0
LF:14
LH:9
BRF:0
BRH:0
end_of_record
TN:
SF:src\resolvers\user.resolver.ts
FN:15,(anonymous_4)
FN:22,(anonymous_5)
FN:52,(anonymous_6)
FN:108,(anonymous_7)
FN:119,(anonymous_8)
FN:21,(anonymous_9)
FN:51,(anonymous_10)
FN:107,(anonymous_11)
FNF:8
FNH:8
FNDA:3,(anonymous_4)
FNDA:1,(anonymous_5)
FNDA:3,(anonymous_6)
FNDA:1,(anonymous_7)
FNDA:1,(anonymous_8)
FNDA:3,(anonymous_9)
FNDA:3,(anonymous_10)
FNDA:3,(anonymous_11)
DA:1,3
DA:2,3
DA:4,3
DA:6,3
DA:7,3
DA:8,3
DA:11,3
DA:13,3
DA:15,3
DA:16,3
DA:20,3
DA:21,3
DA:22,3
DA:26,1
DA:36,1
DA:37,0
DA:45,1
DA:46,1
DA:48,1
DA:51,3
DA:52,3
DA:55,3
DA:56,3
DA:63,3
DA:64,1
DA:73,2
DA:77,2
DA:78,2
DA:79,2
DA:81,2
DA:91,2
DA:92,0
DA:100,2
DA:101,2
DA:103,2
DA:107,3
DA:108,3
DA:112,1
DA:115,1
DA:116,1
DA:119,1
DA:120,1
DA:122,1
LF:43
LH:41
BRDA:36,0,0,0
BRDA:63,1,0,1
BRDA:91,2,0,0
BRDA:115,3,0,0
BRDA:120,4,0,1
BRDA:120,4,1,0
BRF:6
BRH:2
end_of_record
TN:
SF:tests\testKit.ts
FN:27,(anonymous_0)
FN:47,(anonymous_1)
FN:54,(anonymous_2)
FNF:3
FNH:2
FNDA:15,(anonymous_0)
FNDA:2,(anonymous_1)
FNDA:0,(anonymous_2)
DA:1,3
DA:2,3
DA:4,3
DA:5,3
DA:27,3
DA:34,15
DA:36,15
DA:47,2
DA:54,3
DA:55,0
DA:56,0
LF:11
LH:9
BRDA:34,0,0,3
BRDA:55,1,0,0
BRF:2
BRH:1
end_of_record
